16 Nov 2019 19:20:42,911 [main] ERROR service.jdbc.JdbcConnectionService - Connection was not created
16 Nov 2019 19:24:26,573 [main] INFO  service.validation.XmlService - XML file validated successfully.
16 Nov 2019 19:24:26,581 [main] ERROR service.jdbc.JdbcConnectionService - Connection was not created
17 Nov 2019 01:43:47,461 [main] ERROR service.validation.XmlService - D:\study\ВТ\migration\src\main\resources\pizzeriaData.xl (The system cannot find the file specified)
17 Nov 2019 01:47:00,482 [main] ERROR service.validation.XmlService - D:\study\ВТ\migration\src\main\resources\pizzeriaData.xl (The system cannot find the file specified)
17 Nov 2019 01:51:57,964 [main] ERROR service.validation.XmlService - D:\study\ВТ\migration\src\main\resources\pizzeriaData.xl (The system cannot find the file specified)
17 Nov 2019 01:53:29,028 [main] ERROR service.validation.XmlService - SERVICE: D:\study\ВТ\migration\src\main\resources\pizzeriaData.xl (The system cannot find the file specified)
17 Nov 2019 02:07:26,345 [main] ERROR service.jdbc.JdbcConnectionService - SERVICE: Database connection has not been created.
17 Nov 2019 02:08:05,387 [main] ERROR service.jdbc.JdbcConnectionService - SERVICE: Database connection has not been created.
17 Nov 2019 02:10:13,834 [main] ERROR service.jdbc.JdbcConnectionService - SERVICE: Database connection has not been created.
17 Nov 2019 02:10:38,562 [main] ERROR service.jdbc.JdbcConnectionService - SERVICE: null
17 Nov 2019 02:10:54,098 [main] ERROR service.jdbc.JdbcConnectionService - SERVICE: Database connection has not been created.
17 Nov 2019 02:12:19,604 [main] ERROR service.jdbc.JdbcConnectionService - SERVICE: Database connection has not been created.
17 Nov 2019 02:19:56,037 [main] ERROR service.jdbc.JdbcConnectionService - SERVICE: No suitable driver found for 123
17 Nov 2019 02:21:21,371 [main] ERROR service.jdbc.JdbcConnectionService - SERVICE: No suitable driver found for 123
17 Nov 2019 02:21:46,888 [main] ERROR service.jdbc.JdbcConnectionService - SERVICE: BLERT
17 Nov 2019 02:49:39,486 [main] ERROR service.jdbc.JdbcConnectionService - SERVICE: Unknown database 'epam'
17 Nov 2019 02:51:16,424 [main] INFO  service.jdbc.JdbcConnectionService - Database connection has been created successfully.
17 Nov 2019 02:51:32,338 [main] INFO  service.jdbc.JdbcConnectionService - Database connection has been created successfully.
17 Nov 2019 21:49:58,928 [main] INFO  service.validation.XmlService - XML file validated successfully.
17 Nov 2019 21:49:59,925 [main] ERROR service.validation.XmlService - SERVICE: Cannot construct instance of `entity.ExtraSection` (no Creators, like default construct, exist): cannot deserialize from Object value (no delegate- or property-based Creator)
 at [Source: (File); line: 3, column: 5] (through reference chain: entity.PizzeriaData["ExtraSections"]->java.util.ArrayList[0])
17 Nov 2019 21:53:19,105 [main] INFO  service.validation.XmlService - XML file validated successfully.
17 Nov 2019 21:53:19,687 [main] INFO  service.validation.XmlService - XML file deserialized successfully.
17 Nov 2019 21:53:20,791 [main] INFO  service.jdbc.JdbcConnectionService - Database connection has been created successfully.
17 Nov 2019 21:53:20,793 [main] INFO  service.migration.ExtraSectionMigrationService - MIGRATION STARTED: extra_sections.
17 Nov 2019 21:53:20,889 [main] INFO  service.migration.ExtraSectionMigrationService - ExtraSection@19efb3d {super:ExtraSection@19efb3d {id:1}, name:'Chicken Wings'} migrated successfully.
17 Nov 2019 21:53:20,926 [main] INFO  service.migration.ExtraSectionMigrationService - ExtraSection@cbfb48f9 {super:ExtraSection@cbfb48f9 {id:2}, name:'Crispy Bread'} migrated successfully.
17 Nov 2019 21:53:20,948 [main] INFO  service.migration.ExtraSectionMigrationService - ExtraSection@932bb850 {super:ExtraSection@932bb850 {id:3}, name:'Salads'} migrated successfully.
17 Nov 2019 21:53:20,959 [main] INFO  service.migration.ExtraSectionMigrationService - ExtraSection@4166d26a {super:ExtraSection@4166d26a {id:4}, name:'Desserts'} migrated successfully.
17 Nov 2019 21:53:20,967 [main] INFO  service.migration.ExtraSectionMigrationService - ExtraSection@7a816b57 {super:ExtraSection@7a816b57 {id:5}, name:'Drinks'} migrated successfully.
17 Nov 2019 21:53:20,977 [main] INFO  service.migration.ExtraSectionMigrationService - ExtraSection@932fd7a5 {super:ExtraSection@932fd7a5 {id:6}, name:'Sauces'} migrated successfully.
17 Nov 2019 21:53:20,977 [main] INFO  service.migration.ExtraSectionMigrationService - MIGRATION COMPLETED: extra_sections, 6/6.
17 Nov 2019 22:10:07,395 [main] INFO  service.validation.XmlService - XML file validated successfully.
17 Nov 2019 22:10:08,132 [main] INFO  service.validation.XmlService - XML file deserialized successfully.
17 Nov 2019 22:10:09,088 [main] INFO  service.jdbc.JdbcConnectionService - Database connection has been created successfully.
17 Nov 2019 22:10:09,089 [main] INFO  service.migration.ExtraSectionMigrationService - MIGRATION STARTED: extra_sections.
17 Nov 2019 22:10:09,162 [main] WARN  service.migration.ExtraSectionMigrationService - Duplicate entry '1' for key 'PRIMARY'
17 Nov 2019 22:10:09,164 [main] WARN  service.migration.ExtraSectionMigrationService - Duplicate entry '2' for key 'PRIMARY'
17 Nov 2019 22:10:09,165 [main] WARN  service.migration.ExtraSectionMigrationService - Duplicate entry '3' for key 'PRIMARY'
17 Nov 2019 22:10:09,166 [main] WARN  service.migration.ExtraSectionMigrationService - Duplicate entry '4' for key 'PRIMARY'
17 Nov 2019 22:10:09,168 [main] WARN  service.migration.ExtraSectionMigrationService - Duplicate entry '5' for key 'PRIMARY'
17 Nov 2019 22:10:09,169 [main] WARN  service.migration.ExtraSectionMigrationService - Duplicate entry '6' for key 'PRIMARY'
17 Nov 2019 22:10:09,170 [main] INFO  service.migration.ExtraSectionMigrationService - MIGRATION COMPLETED: extra_sections, 0/6.
17 Nov 2019 22:30:53,000 [main] INFO  service.validation.XmlService - XML file validated successfully.
17 Nov 2019 22:30:53,746 [main] INFO  service.validation.XmlService - XML file deserialized successfully.
17 Nov 2019 22:30:54,882 [main] INFO  service.jdbc.JdbcConnectionService - Database connection has been established successfully.
17 Nov 2019 22:30:54,883 [main] INFO  service.migration.ExtraSectionMigrationService - MIGRATION STARTED: extra_sections.
17 Nov 2019 22:30:54,913 [main] WARN  service.migration.ExtraSectionMigrationService - Duplicate entry '1' for key 'PRIMARY'
17 Nov 2019 22:30:54,915 [main] WARN  service.migration.ExtraSectionMigrationService - Duplicate entry '2' for key 'PRIMARY'
17 Nov 2019 22:30:54,916 [main] WARN  service.migration.ExtraSectionMigrationService - Duplicate entry '3' for key 'PRIMARY'
17 Nov 2019 22:30:54,918 [main] WARN  service.migration.ExtraSectionMigrationService - Duplicate entry '4' for key 'PRIMARY'
17 Nov 2019 22:30:54,919 [main] WARN  service.migration.ExtraSectionMigrationService - Duplicate entry '5' for key 'PRIMARY'
17 Nov 2019 22:30:54,920 [main] WARN  service.migration.ExtraSectionMigrationService - Duplicate entry '6' for key 'PRIMARY'
17 Nov 2019 22:30:54,921 [main] INFO  service.migration.ExtraSectionMigrationService - MIGRATION COMPLETED: extra_sections, 0/6.
17 Nov 2019 22:30:54,922 [main] INFO  service.migration.ExtraMigrationService - MIGRATION STARTED: extras.
17 Nov 2019 22:30:55,072 [main] INFO  service.migration.ExtraMigrationService - Extra@83129446 {super:Extra@83129446 {id:1}, name:'Hot Wings', weight:295, price:8.900000, sectionId:1} migrated successfully.
17 Nov 2019 22:30:55,115 [main] INFO  service.migration.ExtraMigrationService - Extra@c35dcf98 {super:Extra@c35dcf98 {id:2}, name:'Classic Wings', weight:285, price:8.900000, sectionId:1} migrated successfully.
17 Nov 2019 22:30:55,153 [main] INFO  service.migration.ExtraMigrationService - Extra@c2c6ffe4 {super:Extra@c2c6ffe4 {id:3}, name:'BBQ Wings', weight:295, price:8.900000, sectionId:1} migrated successfully.
17 Nov 2019 22:30:55,166 [main] INFO  service.migration.ExtraMigrationService - Extra@34c702f1 {super:Extra@34c702f1 {id:4}, name:'Chicken Fillet', weight:215, price:9.900000, sectionId:1} migrated successfully.
17 Nov 2019 22:30:55,179 [main] INFO  service.migration.ExtraMigrationService - Extra@3c357f8c {super:Extra@3c357f8c {id:5}, name:'Potato Slices', weight:180, price:3.900000, sectionId:1} migrated successfully.
17 Nov 2019 22:30:55,201 [main] INFO  service.migration.ExtraMigrationService - Extra@7a487348 {super:Extra@7a487348 {id:6}, name:'Bread with Cheese', weight:375, price:8.400000, sectionId:2} migrated successfully.
17 Nov 2019 22:30:55,214 [main] INFO  service.migration.ExtraMigrationService - Extra@57dd1323 {super:Extra@57dd1323 {id:7}, name:'Bread with Spinach and Feta', weight:395, price:8.900000, sectionId:2} migrated successfully.
17 Nov 2019 22:30:55,226 [main] INFO  service.migration.ExtraMigrationService - Extra@6ce21142 {super:Extra@6ce21142 {id:8}, name:'Bread with Bacon and Jalapenos', weight:415, price:8.900000, sectionId:2} migrated successfully.
17 Nov 2019 22:30:55,246 [main] INFO  service.migration.ExtraMigrationService - Extra@999dd16d {super:Extra@999dd16d {id:9}, name:'Bread with Parmesan', weight:175, price:2.900000, sectionId:2} migrated successfully.
17 Nov 2019 22:30:55,262 [main] INFO  service.migration.ExtraMigrationService - Extra@58587e45 {super:Extra@58587e45 {id:10}, name:'Greek Salad', weight:180, price:6.900000, sectionId:3} migrated successfully.
17 Nov 2019 22:30:55,273 [main] INFO  service.migration.ExtraMigrationService - Extra@76d92d7d {super:Extra@76d92d7d {id:11}, name:'Caesar Salad', weight:200, price:7.400000, sectionId:3} migrated successfully.
17 Nov 2019 22:30:55,291 [main] INFO  service.migration.ExtraMigrationService - Extra@feb8ba1f {super:Extra@feb8ba1f {id:12}, name:'Pear Jam Rolls', weight:245, price:3.900000, sectionId:4} migrated successfully.
17 Nov 2019 22:30:55,305 [main] INFO  service.migration.ExtraMigrationService - Extra@e3655cca {super:Extra@e3655cca {id:13}, name:'Cream Rolls', weight:300, price:4.900000, sectionId:4} migrated successfully.
17 Nov 2019 22:30:55,342 [main] INFO  service.migration.ExtraMigrationService - Extra@2fb05333 {super:Extra@2fb05333 {id:14}, name:'Chocolate Rolls', weight:270, price:5.900000, sectionId:4} migrated successfully.
17 Nov 2019 22:30:55,369 [main] INFO  service.migration.ExtraMigrationService - Extra@974f2cff {super:Extra@974f2cff {id:15}, name:'Lava Cake', weight:95, price:4.900000, sectionId:4} migrated successfully.
17 Nov 2019 22:30:55,379 [main] INFO  service.migration.ExtraMigrationService - Extra@3eaa6a7a {super:Extra@3eaa6a7a {id:16}, name:'Cinnamon Bread', weight:195, price:2.400000, sectionId:4} migrated successfully.
17 Nov 2019 22:30:55,391 [main] INFO  service.migration.ExtraMigrationService - Extra@2a7ef1ce {super:Extra@2a7ef1ce {id:17}, name:'Strawberry Jam', weight:25, price:0.800000, sectionId:4} migrated successfully.
17 Nov 2019 22:30:55,401 [main] INFO  service.migration.ExtraMigrationService - Extra@728b88b4 {super:Extra@728b88b4 {id:18}, name:'Raspberry Jam', weight:25, price:0.800000, sectionId:4} migrated successfully.
17 Nov 2019 22:30:55,412 [main] INFO  service.migration.ExtraMigrationService - Extra@da4b8ace {super:Extra@da4b8ace {id:19}, name:'Forest Berries Jam', weight:25, price:0.800000, sectionId:4} migrated successfully.
17 Nov 2019 22:30:55,421 [main] INFO  service.migration.ExtraMigrationService - Extra@84314354 {super:Extra@84314354 {id:20}, name:'RICH Orange Juice', weight:1000, price:3.700000, sectionId:5} migrated successfully.
17 Nov 2019 22:30:55,431 [main] INFO  service.migration.ExtraMigrationService - Extra@b16d271 {super:Extra@b16d271 {id:21}, name:'RICH Apple Juice', weight:1000, price:3.700000, sectionId:5} migrated successfully.
17 Nov 2019 22:30:55,443 [main] INFO  service.migration.ExtraMigrationService - Extra@84978ffa {super:Extra@84978ffa {id:22}, name:'RICH Tomato Juice', weight:1000, price:3.700000, sectionId:5} migrated successfully.
17 Nov 2019 22:30:55,452 [main] INFO  service.migration.ExtraMigrationService - Extra@eeda0e2a {super:Extra@eeda0e2a {id:23}, name:'RICH Multifruit Juice', weight:1000, price:3.700000, sectionId:5} migrated successfully.
17 Nov 2019 22:30:55,460 [main] INFO  service.migration.ExtraMigrationService - Extra@cfd9fa4d {super:Extra@cfd9fa4d {id:24}, name:'RICH Cherry Juice', weight:1000, price:3.700000, sectionId:5} migrated successfully.
17 Nov 2019 22:30:55,468 [main] INFO  service.migration.ExtraMigrationService - Extra@228f4c97 {super:Extra@228f4c97 {id:25}, name:'BBQ Sauce', weight:25, price:0.700000, sectionId:6} migrated successfully.
17 Nov 2019 22:30:55,478 [main] INFO  service.migration.ExtraMigrationService - Extra@bf59a41f {super:Extra@bf59a41f {id:26}, name:'Tomato Sauce', weight:25, price:0.700000, sectionId:6} migrated successfully.
17 Nov 2019 22:30:55,486 [main] INFO  service.migration.ExtraMigrationService - Extra@c4bbbb7e {super:Extra@c4bbbb7e {id:27}, name:'Salsa Sauce', weight:25, price:0.700000, sectionId:6} migrated successfully.
17 Nov 2019 22:30:55,497 [main] INFO  service.migration.ExtraMigrationService - Extra@aaa44cdd {super:Extra@aaa44cdd {id:28}, name:'Teriyaki Sauce', weight:25, price:0.700000, sectionId:6} migrated successfully.
17 Nov 2019 22:30:55,506 [main] INFO  service.migration.ExtraMigrationService - Extra@f92abe7e {super:Extra@f92abe7e {id:29}, name:'Garlic Sauce', weight:25, price:0.700000, sectionId:6} migrated successfully.
17 Nov 2019 22:30:55,514 [main] INFO  service.migration.ExtraMigrationService - Extra@bdaa754a {super:Extra@bdaa754a {id:30}, name:'Sweet & Sour Sauce', weight:25, price:0.700000, sectionId:6} migrated successfully.
17 Nov 2019 22:30:55,523 [main] INFO  service.migration.ExtraMigrationService - Extra@25e8cb77 {super:Extra@25e8cb77 {id:31}, name:'Cheese Sauce', weight:25, price:0.700000, sectionId:6} migrated successfully.
17 Nov 2019 22:30:55,532 [main] INFO  service.migration.ExtraMigrationService - Extra@c989e188 {super:Extra@c989e188 {id:32}, name:'Curry Sauce', weight:25, price:0.700000, sectionId:6} migrated successfully.
17 Nov 2019 22:30:55,540 [main] INFO  service.migration.ExtraMigrationService - Extra@5451af53 {super:Extra@5451af53 {id:33}, name:'Caesar Sauce', weight:25, price:0.700000, sectionId:6} migrated successfully.
17 Nov 2019 22:30:55,549 [main] INFO  service.migration.ExtraMigrationService - Extra@920de0c7 {super:Extra@920de0c7 {id:34}, name:'Mustard Sauce', weight:25, price:0.700000, sectionId:6} migrated successfully.
17 Nov 2019 22:30:55,549 [main] INFO  service.migration.ExtraMigrationService - MIGRATION COMPLETED: extras, 34/34.
17 Nov 2019 22:36:26,735 [main] INFO  service.validation.XmlService - XML file validated successfully.
17 Nov 2019 22:36:27,430 [main] INFO  service.validation.XmlService - XML file deserialized successfully.
17 Nov 2019 22:36:28,319 [main] INFO  service.jdbc.JdbcConnectionService - Database connection has been established successfully.
17 Nov 2019 22:36:28,321 [main] INFO  service.migration.ExtraSectionMigrationService - MIGRATION STARTED: extra_sections.
17 Nov 2019 22:36:28,383 [main] WARN  service.migration.ExtraSectionMigrationService - Duplicate entry '1' for key 'PRIMARY'
17 Nov 2019 22:36:28,385 [main] WARN  service.migration.ExtraSectionMigrationService - Duplicate entry '2' for key 'PRIMARY'
17 Nov 2019 22:36:28,386 [main] WARN  service.migration.ExtraSectionMigrationService - Duplicate entry '3' for key 'PRIMARY'
17 Nov 2019 22:36:28,388 [main] WARN  service.migration.ExtraSectionMigrationService - Duplicate entry '4' for key 'PRIMARY'
17 Nov 2019 22:36:28,390 [main] WARN  service.migration.ExtraSectionMigrationService - Duplicate entry '5' for key 'PRIMARY'
17 Nov 2019 22:36:28,391 [main] WARN  service.migration.ExtraSectionMigrationService - Duplicate entry '6' for key 'PRIMARY'
17 Nov 2019 22:36:28,391 [main] INFO  service.migration.ExtraSectionMigrationService - MIGRATION COMPLETED: extra_sections, 0/6.
17 Nov 2019 22:36:28,393 [main] INFO  service.migration.ExtraMigrationService - MIGRATION STARTED: extras.
17 Nov 2019 22:36:28,394 [main] WARN  service.migration.ExtraMigrationService - Duplicate entry '1' for key 'PRIMARY'
17 Nov 2019 22:36:28,396 [main] WARN  service.migration.ExtraMigrationService - Duplicate entry '2' for key 'PRIMARY'
17 Nov 2019 22:36:28,397 [main] WARN  service.migration.ExtraMigrationService - Duplicate entry '3' for key 'PRIMARY'
17 Nov 2019 22:36:28,399 [main] WARN  service.migration.ExtraMigrationService - Duplicate entry '4' for key 'PRIMARY'
17 Nov 2019 22:36:28,400 [main] WARN  service.migration.ExtraMigrationService - Duplicate entry '5' for key 'PRIMARY'
17 Nov 2019 22:36:28,401 [main] WARN  service.migration.ExtraMigrationService - Duplicate entry '6' for key 'PRIMARY'
17 Nov 2019 22:36:28,403 [main] WARN  service.migration.ExtraMigrationService - Duplicate entry '7' for key 'PRIMARY'
17 Nov 2019 22:36:28,404 [main] WARN  service.migration.ExtraMigrationService - Duplicate entry '8' for key 'PRIMARY'
17 Nov 2019 22:36:28,406 [main] WARN  service.migration.ExtraMigrationService - Duplicate entry '9' for key 'PRIMARY'
17 Nov 2019 22:36:28,407 [main] WARN  service.migration.ExtraMigrationService - Duplicate entry '10' for key 'PRIMARY'
17 Nov 2019 22:36:28,409 [main] WARN  service.migration.ExtraMigrationService - Duplicate entry '11' for key 'PRIMARY'
17 Nov 2019 22:36:28,410 [main] WARN  service.migration.ExtraMigrationService - Duplicate entry '12' for key 'PRIMARY'
17 Nov 2019 22:36:28,412 [main] WARN  service.migration.ExtraMigrationService - Duplicate entry '13' for key 'PRIMARY'
17 Nov 2019 22:36:28,413 [main] WARN  service.migration.ExtraMigrationService - Duplicate entry '14' for key 'PRIMARY'
17 Nov 2019 22:36:28,415 [main] WARN  service.migration.ExtraMigrationService - Duplicate entry '15' for key 'PRIMARY'
17 Nov 2019 22:36:28,417 [main] WARN  service.migration.ExtraMigrationService - Duplicate entry '16' for key 'PRIMARY'
17 Nov 2019 22:36:28,419 [main] WARN  service.migration.ExtraMigrationService - Duplicate entry '17' for key 'PRIMARY'
17 Nov 2019 22:36:28,420 [main] WARN  service.migration.ExtraMigrationService - Duplicate entry '18' for key 'PRIMARY'
17 Nov 2019 22:36:28,422 [main] WARN  service.migration.ExtraMigrationService - Duplicate entry '19' for key 'PRIMARY'
17 Nov 2019 22:36:28,423 [main] WARN  service.migration.ExtraMigrationService - Duplicate entry '20' for key 'PRIMARY'
17 Nov 2019 22:36:28,425 [main] WARN  service.migration.ExtraMigrationService - Duplicate entry '21' for key 'PRIMARY'
17 Nov 2019 22:36:28,427 [main] WARN  service.migration.ExtraMigrationService - Duplicate entry '22' for key 'PRIMARY'
17 Nov 2019 22:36:28,428 [main] WARN  service.migration.ExtraMigrationService - Duplicate entry '23' for key 'PRIMARY'
17 Nov 2019 22:36:28,429 [main] WARN  service.migration.ExtraMigrationService - Duplicate entry '24' for key 'PRIMARY'
17 Nov 2019 22:36:28,431 [main] WARN  service.migration.ExtraMigrationService - Duplicate entry '25' for key 'PRIMARY'
17 Nov 2019 22:36:28,433 [main] WARN  service.migration.ExtraMigrationService - Duplicate entry '26' for key 'PRIMARY'
17 Nov 2019 22:36:28,434 [main] WARN  service.migration.ExtraMigrationService - Duplicate entry '27' for key 'PRIMARY'
17 Nov 2019 22:36:28,436 [main] WARN  service.migration.ExtraMigrationService - Duplicate entry '28' for key 'PRIMARY'
17 Nov 2019 22:36:28,437 [main] WARN  service.migration.ExtraMigrationService - Duplicate entry '29' for key 'PRIMARY'
17 Nov 2019 22:36:28,439 [main] WARN  service.migration.ExtraMigrationService - Duplicate entry '30' for key 'PRIMARY'
17 Nov 2019 22:36:28,440 [main] WARN  service.migration.ExtraMigrationService - Duplicate entry '31' for key 'PRIMARY'
17 Nov 2019 22:36:28,441 [main] WARN  service.migration.ExtraMigrationService - Duplicate entry '32' for key 'PRIMARY'
17 Nov 2019 22:36:28,443 [main] WARN  service.migration.ExtraMigrationService - Duplicate entry '33' for key 'PRIMARY'
17 Nov 2019 22:36:28,444 [main] WARN  service.migration.ExtraMigrationService - Duplicate entry '34' for key 'PRIMARY'
17 Nov 2019 22:36:28,444 [main] INFO  service.migration.ExtraMigrationService - MIGRATION COMPLETED: extras, 0/34.
17 Nov 2019 22:36:57,390 [main] INFO  service.validation.XmlService - XML file validated successfully.
17 Nov 2019 22:36:58,208 [main] INFO  service.validation.XmlService - XML file deserialized successfully.
17 Nov 2019 22:36:59,152 [main] INFO  service.jdbc.JdbcConnectionService - Database connection has been established successfully.
17 Nov 2019 22:36:59,153 [main] INFO  service.migration.ExtraSectionMigrationService - MIGRATION STARTED: extra_sections.
17 Nov 2019 22:36:59,184 [main] WARN  service.migration.ExtraSectionMigrationService - Duplicate entry '1' for key 'PRIMARY'
17 Nov 2019 22:36:59,186 [main] WARN  service.migration.ExtraSectionMigrationService - Duplicate entry '2' for key 'PRIMARY'
17 Nov 2019 22:36:59,187 [main] WARN  service.migration.ExtraSectionMigrationService - Duplicate entry '3' for key 'PRIMARY'
17 Nov 2019 22:36:59,189 [main] WARN  service.migration.ExtraSectionMigrationService - Duplicate entry '4' for key 'PRIMARY'
17 Nov 2019 22:36:59,190 [main] WARN  service.migration.ExtraSectionMigrationService - Duplicate entry '5' for key 'PRIMARY'
17 Nov 2019 22:36:59,191 [main] WARN  service.migration.ExtraSectionMigrationService - Duplicate entry '6' for key 'PRIMARY'
17 Nov 2019 22:36:59,192 [main] INFO  service.migration.ExtraSectionMigrationService - MIGRATION COMPLETED: extra_sections, 0/6.
17 Nov 2019 22:36:59,193 [main] INFO  service.migration.ExtraMigrationService - MIGRATION STARTED: extras.
17 Nov 2019 22:36:59,195 [main] WARN  service.migration.ExtraMigrationService - Duplicate entry '1' for key 'PRIMARY'
17 Nov 2019 22:36:59,196 [main] WARN  service.migration.ExtraMigrationService - Duplicate entry '2' for key 'PRIMARY'
17 Nov 2019 22:36:59,197 [main] WARN  service.migration.ExtraMigrationService - Duplicate entry '3' for key 'PRIMARY'
17 Nov 2019 22:36:59,199 [main] WARN  service.migration.ExtraMigrationService - Duplicate entry '4' for key 'PRIMARY'
17 Nov 2019 22:36:59,200 [main] WARN  service.migration.ExtraMigrationService - Duplicate entry '5' for key 'PRIMARY'
17 Nov 2019 22:36:59,201 [main] WARN  service.migration.ExtraMigrationService - Duplicate entry '6' for key 'PRIMARY'
17 Nov 2019 22:36:59,203 [main] WARN  service.migration.ExtraMigrationService - Duplicate entry '7' for key 'PRIMARY'
17 Nov 2019 22:36:59,204 [main] WARN  service.migration.ExtraMigrationService - Duplicate entry '8' for key 'PRIMARY'
17 Nov 2019 22:36:59,206 [main] WARN  service.migration.ExtraMigrationService - Duplicate entry '9' for key 'PRIMARY'
17 Nov 2019 22:36:59,207 [main] WARN  service.migration.ExtraMigrationService - Duplicate entry '10' for key 'PRIMARY'
17 Nov 2019 22:36:59,209 [main] WARN  service.migration.ExtraMigrationService - Duplicate entry '11' for key 'PRIMARY'
17 Nov 2019 22:36:59,210 [main] WARN  service.migration.ExtraMigrationService - Duplicate entry '12' for key 'PRIMARY'
17 Nov 2019 22:36:59,211 [main] WARN  service.migration.ExtraMigrationService - Duplicate entry '13' for key 'PRIMARY'
17 Nov 2019 22:36:59,213 [main] WARN  service.migration.ExtraMigrationService - Duplicate entry '14' for key 'PRIMARY'
17 Nov 2019 22:36:59,214 [main] WARN  service.migration.ExtraMigrationService - Duplicate entry '15' for key 'PRIMARY'
17 Nov 2019 22:36:59,216 [main] WARN  service.migration.ExtraMigrationService - Duplicate entry '16' for key 'PRIMARY'
17 Nov 2019 22:36:59,217 [main] WARN  service.migration.ExtraMigrationService - Duplicate entry '17' for key 'PRIMARY'
17 Nov 2019 22:36:59,219 [main] WARN  service.migration.ExtraMigrationService - Duplicate entry '18' for key 'PRIMARY'
17 Nov 2019 22:36:59,220 [main] WARN  service.migration.ExtraMigrationService - Duplicate entry '19' for key 'PRIMARY'
17 Nov 2019 22:36:59,222 [main] WARN  service.migration.ExtraMigrationService - Duplicate entry '20' for key 'PRIMARY'
17 Nov 2019 22:36:59,223 [main] WARN  service.migration.ExtraMigrationService - Duplicate entry '21' for key 'PRIMARY'
17 Nov 2019 22:36:59,225 [main] WARN  service.migration.ExtraMigrationService - Duplicate entry '22' for key 'PRIMARY'
17 Nov 2019 22:36:59,226 [main] WARN  service.migration.ExtraMigrationService - Duplicate entry '23' for key 'PRIMARY'
17 Nov 2019 22:36:59,228 [main] WARN  service.migration.ExtraMigrationService - Duplicate entry '24' for key 'PRIMARY'
17 Nov 2019 22:36:59,229 [main] WARN  service.migration.ExtraMigrationService - Duplicate entry '25' for key 'PRIMARY'
17 Nov 2019 22:36:59,230 [main] WARN  service.migration.ExtraMigrationService - Duplicate entry '26' for key 'PRIMARY'
17 Nov 2019 22:36:59,231 [main] WARN  service.migration.ExtraMigrationService - Duplicate entry '27' for key 'PRIMARY'
17 Nov 2019 22:36:59,232 [main] WARN  service.migration.ExtraMigrationService - Duplicate entry '28' for key 'PRIMARY'
17 Nov 2019 22:36:59,233 [main] WARN  service.migration.ExtraMigrationService - Duplicate entry '29' for key 'PRIMARY'
17 Nov 2019 22:36:59,235 [main] WARN  service.migration.ExtraMigrationService - Duplicate entry '30' for key 'PRIMARY'
17 Nov 2019 22:36:59,236 [main] WARN  service.migration.ExtraMigrationService - Duplicate entry '31' for key 'PRIMARY'
17 Nov 2019 22:36:59,237 [main] WARN  service.migration.ExtraMigrationService - Duplicate entry '32' for key 'PRIMARY'
17 Nov 2019 22:36:59,238 [main] WARN  service.migration.ExtraMigrationService - Duplicate entry '33' for key 'PRIMARY'
17 Nov 2019 22:36:59,240 [main] WARN  service.migration.ExtraMigrationService - Duplicate entry '34' for key 'PRIMARY'
17 Nov 2019 22:36:59,240 [main] INFO  service.migration.ExtraMigrationService - MIGRATION COMPLETED: extras, 0/34.
17 Nov 2019 22:36:59,241 [main] INFO  service.migration.OrderedExtraMigrationService - MIGRATION STARTED: ordered_extras.
17 Nov 2019 22:36:59,349 [main] WARN  service.migration.OrderedExtraMigrationService - Cannot add or update a child row: a foreign key constraint fails (`pizzeria`.`ordered_extras`, CONSTRAINT `ordered_extras_ibfk_2` FOREIGN KEY (`order_id`) REFERENCES `orders` (`id`))
17 Nov 2019 22:36:59,350 [main] INFO  service.migration.OrderedExtraMigrationService - MIGRATION COMPLETED: ordered_extras, 0/1.
17 Nov 2019 22:41:09,718 [main] INFO  service.validation.XmlService - XML file validated successfully.
17 Nov 2019 22:41:10,309 [main] INFO  service.validation.XmlService - XML file deserialized successfully.
17 Nov 2019 22:41:11,466 [main] INFO  service.jdbc.JdbcConnectionService - Database connection has been established successfully.
17 Nov 2019 22:41:11,467 [main] INFO  service.migration.ExtraSectionMigrationService - MIGRATION STARTED: extra_sections.
17 Nov 2019 22:41:11,498 [main] WARN  service.migration.ExtraSectionMigrationService - Duplicate entry '1' for key 'PRIMARY'
17 Nov 2019 22:41:11,499 [main] WARN  service.migration.ExtraSectionMigrationService - Duplicate entry '2' for key 'PRIMARY'
17 Nov 2019 22:41:11,500 [main] WARN  service.migration.ExtraSectionMigrationService - Duplicate entry '3' for key 'PRIMARY'
17 Nov 2019 22:41:11,502 [main] WARN  service.migration.ExtraSectionMigrationService - Duplicate entry '4' for key 'PRIMARY'
17 Nov 2019 22:41:11,503 [main] WARN  service.migration.ExtraSectionMigrationService - Duplicate entry '5' for key 'PRIMARY'
17 Nov 2019 22:41:11,504 [main] WARN  service.migration.ExtraSectionMigrationService - Duplicate entry '6' for key 'PRIMARY'
17 Nov 2019 22:41:11,504 [main] INFO  service.migration.ExtraSectionMigrationService - MIGRATION COMPLETED: extra_sections, 0/6.
17 Nov 2019 22:41:11,505 [main] INFO  service.migration.ExtraMigrationService - MIGRATION STARTED: extras.
17 Nov 2019 22:41:11,507 [main] WARN  service.migration.ExtraMigrationService - Duplicate entry '1' for key 'PRIMARY'
17 Nov 2019 22:41:11,509 [main] WARN  service.migration.ExtraMigrationService - Duplicate entry '2' for key 'PRIMARY'
17 Nov 2019 22:41:11,510 [main] WARN  service.migration.ExtraMigrationService - Duplicate entry '3' for key 'PRIMARY'
17 Nov 2019 22:41:11,511 [main] WARN  service.migration.ExtraMigrationService - Duplicate entry '4' for key 'PRIMARY'
17 Nov 2019 22:41:11,513 [main] WARN  service.migration.ExtraMigrationService - Duplicate entry '5' for key 'PRIMARY'
17 Nov 2019 22:41:11,514 [main] WARN  service.migration.ExtraMigrationService - Duplicate entry '6' for key 'PRIMARY'
17 Nov 2019 22:41:11,515 [main] WARN  service.migration.ExtraMigrationService - Duplicate entry '7' for key 'PRIMARY'
17 Nov 2019 22:41:11,517 [main] WARN  service.migration.ExtraMigrationService - Duplicate entry '8' for key 'PRIMARY'
17 Nov 2019 22:41:11,518 [main] WARN  service.migration.ExtraMigrationService - Duplicate entry '9' for key 'PRIMARY'
17 Nov 2019 22:41:11,519 [main] WARN  service.migration.ExtraMigrationService - Duplicate entry '10' for key 'PRIMARY'
17 Nov 2019 22:41:11,521 [main] WARN  service.migration.ExtraMigrationService - Duplicate entry '11' for key 'PRIMARY'
17 Nov 2019 22:41:11,522 [main] WARN  service.migration.ExtraMigrationService - Duplicate entry '12' for key 'PRIMARY'
17 Nov 2019 22:41:11,524 [main] WARN  service.migration.ExtraMigrationService - Duplicate entry '13' for key 'PRIMARY'
17 Nov 2019 22:41:11,525 [main] WARN  service.migration.ExtraMigrationService - Duplicate entry '14' for key 'PRIMARY'
17 Nov 2019 22:41:11,527 [main] WARN  service.migration.ExtraMigrationService - Duplicate entry '15' for key 'PRIMARY'
17 Nov 2019 22:41:11,528 [main] WARN  service.migration.ExtraMigrationService - Duplicate entry '16' for key 'PRIMARY'
17 Nov 2019 22:41:11,529 [main] WARN  service.migration.ExtraMigrationService - Duplicate entry '17' for key 'PRIMARY'
17 Nov 2019 22:41:11,531 [main] WARN  service.migration.ExtraMigrationService - Duplicate entry '18' for key 'PRIMARY'
17 Nov 2019 22:41:11,532 [main] WARN  service.migration.ExtraMigrationService - Duplicate entry '19' for key 'PRIMARY'
17 Nov 2019 22:41:11,533 [main] WARN  service.migration.ExtraMigrationService - Duplicate entry '20' for key 'PRIMARY'
17 Nov 2019 22:41:11,535 [main] WARN  service.migration.ExtraMigrationService - Duplicate entry '21' for key 'PRIMARY'
17 Nov 2019 22:41:11,536 [main] WARN  service.migration.ExtraMigrationService - Duplicate entry '22' for key 'PRIMARY'
17 Nov 2019 22:41:11,537 [main] WARN  service.migration.ExtraMigrationService - Duplicate entry '23' for key 'PRIMARY'
17 Nov 2019 22:41:11,539 [main] WARN  service.migration.ExtraMigrationService - Duplicate entry '24' for key 'PRIMARY'
17 Nov 2019 22:41:11,540 [main] WARN  service.migration.ExtraMigrationService - Duplicate entry '25' for key 'PRIMARY'
17 Nov 2019 22:41:11,542 [main] WARN  service.migration.ExtraMigrationService - Duplicate entry '26' for key 'PRIMARY'
17 Nov 2019 22:41:11,543 [main] WARN  service.migration.ExtraMigrationService - Duplicate entry '27' for key 'PRIMARY'
17 Nov 2019 22:41:11,544 [main] WARN  service.migration.ExtraMigrationService - Duplicate entry '28' for key 'PRIMARY'
17 Nov 2019 22:41:11,546 [main] WARN  service.migration.ExtraMigrationService - Duplicate entry '29' for key 'PRIMARY'
17 Nov 2019 22:41:11,547 [main] WARN  service.migration.ExtraMigrationService - Duplicate entry '30' for key 'PRIMARY'
17 Nov 2019 22:41:11,548 [main] WARN  service.migration.ExtraMigrationService - Duplicate entry '31' for key 'PRIMARY'
17 Nov 2019 22:41:11,550 [main] WARN  service.migration.ExtraMigrationService - Duplicate entry '32' for key 'PRIMARY'
17 Nov 2019 22:41:11,551 [main] WARN  service.migration.ExtraMigrationService - Duplicate entry '33' for key 'PRIMARY'
17 Nov 2019 22:41:11,552 [main] WARN  service.migration.ExtraMigrationService - Duplicate entry '34' for key 'PRIMARY'
17 Nov 2019 22:41:11,552 [main] INFO  service.migration.ExtraMigrationService - MIGRATION COMPLETED: extras, 0/34.
17 Nov 2019 22:41:11,553 [main] INFO  service.migration.PizzaSectionMigrationService - MIGRATION STARTED: pizza_sections.
17 Nov 2019 22:41:11,600 [main] INFO  service.migration.PizzaSectionMigrationService - PizzaSection@1648cbb {super:PizzaSection@1648cbb {id:1}, name:'Classic', priceS:9.900000, priceM:16.900000, priceL:21.900000} migrated successfully.
17 Nov 2019 22:41:11,638 [main] INFO  service.migration.PizzaSectionMigrationService - PizzaSection@8c38cab2 {super:PizzaSection@8c38cab2 {id:2}, name:'Favorite', priceS:13.900000, priceM:19.900000, priceL:23.900000} migrated successfully.
17 Nov 2019 22:41:11,656 [main] INFO  service.migration.PizzaSectionMigrationService - PizzaSection@349293d8 {super:PizzaSection@349293d8 {id:3}, name:'Premium', priceS:15.900000, priceM:21.900000, priceL:25.900000} migrated successfully.
17 Nov 2019 22:41:11,681 [main] INFO  service.migration.PizzaSectionMigrationService - PizzaSection@a5c6c0a3 {super:PizzaSection@a5c6c0a3 {id:4}, name:'Legends', priceS:17.900000, priceM:23.900000, priceL:26.900000} migrated successfully.
17 Nov 2019 22:41:11,692 [main] INFO  service.migration.PizzaSectionMigrationService - PizzaSection@b6d9ed7d {super:PizzaSection@b6d9ed7d {id:5}, name:'Red Price', priceS:6.900000, priceM:11.900000, priceL:16.900000} migrated successfully.
17 Nov 2019 22:41:11,693 [main] INFO  service.migration.PizzaSectionMigrationService - MIGRATION COMPLETED: pizza_sections, 5/5.
17 Nov 2019 22:48:22,569 [main] INFO  service.validation.XmlService - XML file validated successfully.
17 Nov 2019 22:48:23,085 [main] INFO  service.validation.XmlService - XML file deserialized successfully.
17 Nov 2019 22:48:24,033 [main] INFO  service.jdbc.JdbcConnectionService - Database connection has been established successfully.
17 Nov 2019 22:48:24,034 [main] INFO  service.migration.ExtraSectionMigrationService - MIGRATION STARTED: extra_sections.
17 Nov 2019 22:48:24,065 [main] WARN  service.migration.ExtraSectionMigrationService - Duplicate entry '1' for key 'PRIMARY'
17 Nov 2019 22:48:24,067 [main] WARN  service.migration.ExtraSectionMigrationService - Duplicate entry '2' for key 'PRIMARY'
17 Nov 2019 22:48:24,068 [main] WARN  service.migration.ExtraSectionMigrationService - Duplicate entry '3' for key 'PRIMARY'
17 Nov 2019 22:48:24,069 [main] WARN  service.migration.ExtraSectionMigrationService - Duplicate entry '4' for key 'PRIMARY'
17 Nov 2019 22:48:24,071 [main] WARN  service.migration.ExtraSectionMigrationService - Duplicate entry '5' for key 'PRIMARY'
17 Nov 2019 22:48:24,072 [main] WARN  service.migration.ExtraSectionMigrationService - Duplicate entry '6' for key 'PRIMARY'
17 Nov 2019 22:48:24,073 [main] INFO  service.migration.ExtraSectionMigrationService - MIGRATION COMPLETED: extra_sections, 0/6.
17 Nov 2019 22:48:24,074 [main] INFO  service.migration.ExtraMigrationService - MIGRATION STARTED: extras.
17 Nov 2019 22:48:24,076 [main] WARN  service.migration.ExtraMigrationService - Duplicate entry '1' for key 'PRIMARY'
17 Nov 2019 22:48:24,078 [main] WARN  service.migration.ExtraMigrationService - Duplicate entry '2' for key 'PRIMARY'
17 Nov 2019 22:48:24,079 [main] WARN  service.migration.ExtraMigrationService - Duplicate entry '3' for key 'PRIMARY'
17 Nov 2019 22:48:24,080 [main] WARN  service.migration.ExtraMigrationService - Duplicate entry '4' for key 'PRIMARY'
17 Nov 2019 22:48:24,081 [main] WARN  service.migration.ExtraMigrationService - Duplicate entry '5' for key 'PRIMARY'
17 Nov 2019 22:48:24,083 [main] WARN  service.migration.ExtraMigrationService - Duplicate entry '6' for key 'PRIMARY'
17 Nov 2019 22:48:24,084 [main] WARN  service.migration.ExtraMigrationService - Duplicate entry '7' for key 'PRIMARY'
17 Nov 2019 22:48:24,085 [main] WARN  service.migration.ExtraMigrationService - Duplicate entry '8' for key 'PRIMARY'
17 Nov 2019 22:48:24,087 [main] WARN  service.migration.ExtraMigrationService - Duplicate entry '9' for key 'PRIMARY'
17 Nov 2019 22:48:24,088 [main] WARN  service.migration.ExtraMigrationService - Duplicate entry '10' for key 'PRIMARY'
17 Nov 2019 22:48:24,090 [main] WARN  service.migration.ExtraMigrationService - Duplicate entry '11' for key 'PRIMARY'
17 Nov 2019 22:48:24,091 [main] WARN  service.migration.ExtraMigrationService - Duplicate entry '12' for key 'PRIMARY'
17 Nov 2019 22:48:24,093 [main] WARN  service.migration.ExtraMigrationService - Duplicate entry '13' for key 'PRIMARY'
17 Nov 2019 22:48:24,094 [main] WARN  service.migration.ExtraMigrationService - Duplicate entry '14' for key 'PRIMARY'
17 Nov 2019 22:48:24,095 [main] WARN  service.migration.ExtraMigrationService - Duplicate entry '15' for key 'PRIMARY'
17 Nov 2019 22:48:24,096 [main] WARN  service.migration.ExtraMigrationService - Duplicate entry '16' for key 'PRIMARY'
17 Nov 2019 22:48:24,098 [main] WARN  service.migration.ExtraMigrationService - Duplicate entry '17' for key 'PRIMARY'
17 Nov 2019 22:48:24,099 [main] WARN  service.migration.ExtraMigrationService - Duplicate entry '18' for key 'PRIMARY'
17 Nov 2019 22:48:24,100 [main] WARN  service.migration.ExtraMigrationService - Duplicate entry '19' for key 'PRIMARY'
17 Nov 2019 22:48:24,102 [main] WARN  service.migration.ExtraMigrationService - Duplicate entry '20' for key 'PRIMARY'
17 Nov 2019 22:48:24,104 [main] WARN  service.migration.ExtraMigrationService - Duplicate entry '21' for key 'PRIMARY'
17 Nov 2019 22:48:24,105 [main] WARN  service.migration.ExtraMigrationService - Duplicate entry '22' for key 'PRIMARY'
17 Nov 2019 22:48:24,107 [main] WARN  service.migration.ExtraMigrationService - Duplicate entry '23' for key 'PRIMARY'
17 Nov 2019 22:48:24,108 [main] WARN  service.migration.ExtraMigrationService - Duplicate entry '24' for key 'PRIMARY'
17 Nov 2019 22:48:24,109 [main] WARN  service.migration.ExtraMigrationService - Duplicate entry '25' for key 'PRIMARY'
17 Nov 2019 22:48:24,110 [main] WARN  service.migration.ExtraMigrationService - Duplicate entry '26' for key 'PRIMARY'
17 Nov 2019 22:48:24,111 [main] WARN  service.migration.ExtraMigrationService - Duplicate entry '27' for key 'PRIMARY'
17 Nov 2019 22:48:24,113 [main] WARN  service.migration.ExtraMigrationService - Duplicate entry '28' for key 'PRIMARY'
17 Nov 2019 22:48:24,114 [main] WARN  service.migration.ExtraMigrationService - Duplicate entry '29' for key 'PRIMARY'
17 Nov 2019 22:48:24,115 [main] WARN  service.migration.ExtraMigrationService - Duplicate entry '30' for key 'PRIMARY'
17 Nov 2019 22:48:24,116 [main] WARN  service.migration.ExtraMigrationService - Duplicate entry '31' for key 'PRIMARY'
17 Nov 2019 22:48:24,117 [main] WARN  service.migration.ExtraMigrationService - Duplicate entry '32' for key 'PRIMARY'
17 Nov 2019 22:48:24,119 [main] WARN  service.migration.ExtraMigrationService - Duplicate entry '33' for key 'PRIMARY'
17 Nov 2019 22:48:24,120 [main] WARN  service.migration.ExtraMigrationService - Duplicate entry '34' for key 'PRIMARY'
17 Nov 2019 22:48:24,120 [main] INFO  service.migration.ExtraMigrationService - MIGRATION COMPLETED: extras, 0/34.
17 Nov 2019 22:48:24,121 [main] INFO  service.migration.PizzaSectionMigrationService - MIGRATION STARTED: pizza_sections.
17 Nov 2019 22:48:24,123 [main] WARN  service.migration.PizzaSectionMigrationService - Duplicate entry '1' for key 'PRIMARY'
17 Nov 2019 22:48:24,124 [main] WARN  service.migration.PizzaSectionMigrationService - Duplicate entry '2' for key 'PRIMARY'
17 Nov 2019 22:48:24,125 [main] WARN  service.migration.PizzaSectionMigrationService - Duplicate entry '3' for key 'PRIMARY'
17 Nov 2019 22:48:24,127 [main] WARN  service.migration.PizzaSectionMigrationService - Duplicate entry '4' for key 'PRIMARY'
17 Nov 2019 22:48:24,129 [main] WARN  service.migration.PizzaSectionMigrationService - Duplicate entry '5' for key 'PRIMARY'
17 Nov 2019 22:48:24,130 [main] INFO  service.migration.PizzaSectionMigrationService - MIGRATION COMPLETED: pizza_sections, 0/5.
17 Nov 2019 22:48:24,131 [main] INFO  service.migration.PizzaMigrationService - MIGRATION STARTED: pizzas.
17 Nov 2019 22:48:24,185 [main] INFO  service.migration.PizzaMigrationService - Pizza@5e49685 {super:Pizza@5e49685 {id:1}, name:'Bavarian', weightS:410, weightM:660, weightL:900, sectionId:1} migrated successfully.
17 Nov 2019 22:48:24,237 [main] INFO  service.migration.PizzaMigrationService - Pizza@8273f203 {super:Pizza@8273f203 {id:2}, name:'Pepperoni & tomatoes', weightS:395, weightM:655, weightL:875, sectionId:1} migrated successfully.
17 Nov 2019 22:48:24,259 [main] INFO  service.migration.PizzaMigrationService - Pizza@363a641f {super:Pizza@363a641f {id:3}, name:'Vegetable', weightS:425, weightM:705, weightL:985, sectionId:1} migrated successfully.
17 Nov 2019 22:48:24,273 [main] INFO  service.migration.PizzaMigrationService - Pizza@86911a66 {super:Pizza@86911a66 {id:4}, name:'Hawaiian', weightS:420, weightM:705, weightL:965, sectionId:1} migrated successfully.
17 Nov 2019 22:48:24,294 [main] INFO  service.migration.PizzaMigrationService - Pizza@e948d94 {super:Pizza@e948d94 {id:5}, name:'Chicken Curry', weightS:440, weightM:775, weightL:1045, sectionId:2} migrated successfully.
17 Nov 2019 22:48:24,303 [main] INFO  service.migration.PizzaMigrationService - Pizza@27f6d35b {super:Pizza@27f6d35b {id:6}, name:'Carbonara', weightS:390, weightM:635, weightL:890, sectionId:2} migrated successfully.
17 Nov 2019 22:48:24,313 [main] INFO  service.migration.PizzaMigrationService - Pizza@57715be3 {super:Pizza@57715be3 {id:7}, name:'Pepperoni Blues', weightS:355, weightM:600, weightL:815, sectionId:2} migrated successfully.
17 Nov 2019 22:48:24,324 [main] INFO  service.migration.PizzaMigrationService - Pizza@2a160d89 {super:Pizza@2a160d89 {id:8}, name:'Spicy', weightS:430, weightM:705, weightL:935, sectionId:2} migrated successfully.
17 Nov 2019 22:48:24,334 [main] INFO  service.migration.PizzaMigrationService - Pizza@5d702018 {super:Pizza@5d702018 {id:9}, name:'BBQ', weightS:395, weightM:665, weightL:865, sectionId:2} migrated successfully.
17 Nov 2019 22:48:24,345 [main] INFO  service.migration.PizzaMigrationService - Pizza@a4b62001 {super:Pizza@a4b62001 {id:10}, name:'Provence', weightS:395, weightM:665, weightL:890, sectionId:2} migrated successfully.
17 Nov 2019 22:48:24,354 [main] INFO  service.migration.PizzaMigrationService - Pizza@5e8a4bba {super:Pizza@5e8a4bba {id:11}, name:'Super Pepperoni', weightS:455, weightM:755, weightL:1005, sectionId:2} migrated successfully.
17 Nov 2019 22:48:24,408 [main] INFO  service.migration.PizzaMigrationService - Pizza@fdea22ce {super:Pizza@fdea22ce {id:12}, name:'Fruit', weightS:410, weightM:685, weightL:880, sectionId:2} migrated successfully.
17 Nov 2019 22:48:24,418 [main] INFO  service.migration.PizzaMigrationService - Pizza@a48e8496 {super:Pizza@a48e8496 {id:13}, name:'Mushroom & Blue Cheese', weightS:385, weightM:665, weightL:915, sectionId:2} migrated successfully.
17 Nov 2019 22:48:24,429 [main] INFO  service.migration.PizzaMigrationService - Pizza@8eda3864 {super:Pizza@8eda3864 {id:14}, name:'Munich', weightS:455, weightM:695, weightL:970, sectionId:3} migrated successfully.
17 Nov 2019 22:48:24,440 [main] INFO  service.migration.PizzaMigrationService - Pizza@5a87aa81 {super:Pizza@5a87aa81 {id:15}, name:'Country', weightS:420, weightM:690, weightL:920, sectionId:3} migrated successfully.
17 Nov 2019 22:48:24,452 [main] INFO  service.migration.PizzaMigrationService - Pizza@cee30b47 {super:Pizza@cee30b47 {id:16}, name:'5 Cheeses', weightS:385, weightM:610, weightL:895, sectionId:3} migrated successfully.
17 Nov 2019 22:48:24,465 [main] INFO  service.migration.PizzaMigrationService - Pizza@67c0e912 {super:Pizza@67c0e912 {id:17}, name:'Tuscany', weightS:435, weightM:675, weightL:940, sectionId:3} migrated successfully.
17 Nov 2019 22:48:24,476 [main] INFO  service.migration.PizzaMigrationService - Pizza@5e3e7675 {super:Pizza@5e3e7675 {id:18}, name:'Pineapple Shrimp', weightS:395, weightM:650, weightL:865, sectionId:3} migrated successfully.
17 Nov 2019 22:48:24,486 [main] INFO  service.migration.PizzaMigrationService - Pizza@4fe716c4 {super:Pizza@4fe716c4 {id:19}, name:'BBQ Deluxe', weightS:410, weightM:680, weightL:930, sectionId:4} migrated successfully.
17 Nov 2019 22:48:24,498 [main] INFO  service.migration.PizzaMigrationService - Pizza@ebebafc7 {super:Pizza@ebebafc7 {id:20}, name:'MitZZa', weightS:450, weightM:730, weightL:1035, sectionId:4} migrated successfully.
17 Nov 2019 22:48:24,509 [main] INFO  service.migration.PizzaMigrationService - Pizza@20d4bb3 {super:Pizza@20d4bb3 {id:21}, name:'Dominos Brand', weightS:510, weightM:790, weightL:1095, sectionId:4} migrated successfully.
17 Nov 2019 22:48:24,518 [main] INFO  service.migration.PizzaMigrationService - Pizza@ca1856e5 {super:Pizza@ca1856e5 {id:22}, name:'ExtravaganZZa', weightS:550, weightM:885, weightL:1185, sectionId:4} migrated successfully.
17 Nov 2019 22:48:24,527 [main] INFO  service.migration.PizzaMigrationService - Pizza@36c64a2a {super:Pizza@36c64a2a {id:23}, name:'Curry Sausages', weightS:400, weightM:660, weightL:930, sectionId:5} migrated successfully.
17 Nov 2019 22:48:24,535 [main] INFO  service.migration.PizzaMigrationService - Pizza@bbf17bee {super:Pizza@bbf17bee {id:24}, name:'Feta & Tomatoes', weightS:420, weightM:675, weightL:965, sectionId:5} migrated successfully.
17 Nov 2019 22:48:24,543 [main] INFO  service.migration.PizzaMigrationService - Pizza@9ba68323 {super:Pizza@9ba68323 {id:25}, name:'Farm', weightS:400, weightM:660, weightL:900, sectionId:5} migrated successfully.
17 Nov 2019 22:48:24,552 [main] INFO  service.migration.PizzaMigrationService - Pizza@f58e9a39 {super:Pizza@f58e9a39 {id:26}, name:'Ham & Mushrooms', weightS:430, weightM:675, weightL:925, sectionId:5} migrated successfully.
17 Nov 2019 22:48:24,561 [main] INFO  service.migration.PizzaMigrationService - Pizza@91e6de34 {super:Pizza@91e6de34 {id:27}, name:'Margheritta', weightS:400, weightM:665, weightL:900, sectionId:5} migrated successfully.
17 Nov 2019 22:48:24,570 [main] INFO  service.migration.PizzaMigrationService - Pizza@6e32fce4 {super:Pizza@6e32fce4 {id:28}, name:'Pepperoni', weightS:380, weightM:665, weightL:875, sectionId:5} migrated successfully.
17 Nov 2019 22:48:24,570 [main] INFO  service.migration.PizzaMigrationService - MIGRATION COMPLETED: pizzas, 28/28.
17 Nov 2019 22:50:55,186 [main] INFO  service.validation.XmlService - XML file validated successfully.
17 Nov 2019 22:50:55,791 [main] INFO  service.validation.XmlService - XML file deserialized successfully.
17 Nov 2019 22:50:56,824 [main] INFO  service.jdbc.JdbcConnectionService - Database connection has been established successfully.
17 Nov 2019 22:50:56,825 [main] INFO  service.migration.ExtraSectionMigrationService - MIGRATION STARTED: extra_sections.
17 Nov 2019 22:50:56,855 [main] WARN  service.migration.ExtraSectionMigrationService - Duplicate entry '1' for key 'PRIMARY'
17 Nov 2019 22:50:56,857 [main] WARN  service.migration.ExtraSectionMigrationService - Duplicate entry '2' for key 'PRIMARY'
17 Nov 2019 22:50:56,859 [main] WARN  service.migration.ExtraSectionMigrationService - Duplicate entry '3' for key 'PRIMARY'
17 Nov 2019 22:50:56,860 [main] WARN  service.migration.ExtraSectionMigrationService - Duplicate entry '4' for key 'PRIMARY'
17 Nov 2019 22:50:56,861 [main] WARN  service.migration.ExtraSectionMigrationService - Duplicate entry '5' for key 'PRIMARY'
17 Nov 2019 22:50:56,863 [main] WARN  service.migration.ExtraSectionMigrationService - Duplicate entry '6' for key 'PRIMARY'
17 Nov 2019 22:50:56,863 [main] INFO  service.migration.ExtraSectionMigrationService - MIGRATION COMPLETED: extra_sections, 0/6.
17 Nov 2019 22:50:56,864 [main] INFO  service.migration.ExtraMigrationService - MIGRATION STARTED: extras.
17 Nov 2019 22:50:56,866 [main] WARN  service.migration.ExtraMigrationService - Duplicate entry '1' for key 'PRIMARY'
17 Nov 2019 22:50:56,868 [main] WARN  service.migration.ExtraMigrationService - Duplicate entry '2' for key 'PRIMARY'
17 Nov 2019 22:50:56,869 [main] WARN  service.migration.ExtraMigrationService - Duplicate entry '3' for key 'PRIMARY'
17 Nov 2019 22:50:56,871 [main] WARN  service.migration.ExtraMigrationService - Duplicate entry '4' for key 'PRIMARY'
17 Nov 2019 22:50:56,872 [main] WARN  service.migration.ExtraMigrationService - Duplicate entry '5' for key 'PRIMARY'
17 Nov 2019 22:50:56,873 [main] WARN  service.migration.ExtraMigrationService - Duplicate entry '6' for key 'PRIMARY'
17 Nov 2019 22:50:56,874 [main] WARN  service.migration.ExtraMigrationService - Duplicate entry '7' for key 'PRIMARY'
17 Nov 2019 22:50:56,876 [main] WARN  service.migration.ExtraMigrationService - Duplicate entry '8' for key 'PRIMARY'
17 Nov 2019 22:50:56,877 [main] WARN  service.migration.ExtraMigrationService - Duplicate entry '9' for key 'PRIMARY'
17 Nov 2019 22:50:56,878 [main] WARN  service.migration.ExtraMigrationService - Duplicate entry '10' for key 'PRIMARY'
17 Nov 2019 22:50:56,880 [main] WARN  service.migration.ExtraMigrationService - Duplicate entry '11' for key 'PRIMARY'
17 Nov 2019 22:50:56,881 [main] WARN  service.migration.ExtraMigrationService - Duplicate entry '12' for key 'PRIMARY'
17 Nov 2019 22:50:56,883 [main] WARN  service.migration.ExtraMigrationService - Duplicate entry '13' for key 'PRIMARY'
17 Nov 2019 22:50:56,884 [main] WARN  service.migration.ExtraMigrationService - Duplicate entry '14' for key 'PRIMARY'
17 Nov 2019 22:50:56,886 [main] WARN  service.migration.ExtraMigrationService - Duplicate entry '15' for key 'PRIMARY'
17 Nov 2019 22:50:56,887 [main] WARN  service.migration.ExtraMigrationService - Duplicate entry '16' for key 'PRIMARY'
17 Nov 2019 22:50:56,889 [main] WARN  service.migration.ExtraMigrationService - Duplicate entry '17' for key 'PRIMARY'
17 Nov 2019 22:50:56,890 [main] WARN  service.migration.ExtraMigrationService - Duplicate entry '18' for key 'PRIMARY'
17 Nov 2019 22:50:56,892 [main] WARN  service.migration.ExtraMigrationService - Duplicate entry '19' for key 'PRIMARY'
17 Nov 2019 22:50:56,893 [main] WARN  service.migration.ExtraMigrationService - Duplicate entry '20' for key 'PRIMARY'
17 Nov 2019 22:50:56,895 [main] WARN  service.migration.ExtraMigrationService - Duplicate entry '21' for key 'PRIMARY'
17 Nov 2019 22:50:56,896 [main] WARN  service.migration.ExtraMigrationService - Duplicate entry '22' for key 'PRIMARY'
17 Nov 2019 22:50:56,897 [main] WARN  service.migration.ExtraMigrationService - Duplicate entry '23' for key 'PRIMARY'
17 Nov 2019 22:50:56,899 [main] WARN  service.migration.ExtraMigrationService - Duplicate entry '24' for key 'PRIMARY'
17 Nov 2019 22:50:56,900 [main] WARN  service.migration.ExtraMigrationService - Duplicate entry '25' for key 'PRIMARY'
17 Nov 2019 22:50:56,901 [main] WARN  service.migration.ExtraMigrationService - Duplicate entry '26' for key 'PRIMARY'
17 Nov 2019 22:50:56,903 [main] WARN  service.migration.ExtraMigrationService - Duplicate entry '27' for key 'PRIMARY'
17 Nov 2019 22:50:56,904 [main] WARN  service.migration.ExtraMigrationService - Duplicate entry '28' for key 'PRIMARY'
17 Nov 2019 22:50:56,906 [main] WARN  service.migration.ExtraMigrationService - Duplicate entry '29' for key 'PRIMARY'
17 Nov 2019 22:50:56,907 [main] WARN  service.migration.ExtraMigrationService - Duplicate entry '30' for key 'PRIMARY'
17 Nov 2019 22:50:56,908 [main] WARN  service.migration.ExtraMigrationService - Duplicate entry '31' for key 'PRIMARY'
17 Nov 2019 22:50:56,910 [main] WARN  service.migration.ExtraMigrationService - Duplicate entry '32' for key 'PRIMARY'
17 Nov 2019 22:50:56,911 [main] WARN  service.migration.ExtraMigrationService - Duplicate entry '33' for key 'PRIMARY'
17 Nov 2019 22:50:56,912 [main] WARN  service.migration.ExtraMigrationService - Duplicate entry '34' for key 'PRIMARY'
17 Nov 2019 22:50:56,912 [main] INFO  service.migration.ExtraMigrationService - MIGRATION COMPLETED: extras, 0/34.
17 Nov 2019 22:50:56,913 [main] INFO  service.migration.PizzaSectionMigrationService - MIGRATION STARTED: pizza_sections.
17 Nov 2019 22:50:56,915 [main] WARN  service.migration.PizzaSectionMigrationService - Duplicate entry '1' for key 'PRIMARY'
17 Nov 2019 22:50:56,916 [main] WARN  service.migration.PizzaSectionMigrationService - Duplicate entry '2' for key 'PRIMARY'
17 Nov 2019 22:50:56,917 [main] WARN  service.migration.PizzaSectionMigrationService - Duplicate entry '3' for key 'PRIMARY'
17 Nov 2019 22:50:56,918 [main] WARN  service.migration.PizzaSectionMigrationService - Duplicate entry '4' for key 'PRIMARY'
17 Nov 2019 22:50:56,920 [main] WARN  service.migration.PizzaSectionMigrationService - Duplicate entry '5' for key 'PRIMARY'
17 Nov 2019 22:50:56,920 [main] INFO  service.migration.PizzaSectionMigrationService - MIGRATION COMPLETED: pizza_sections, 0/5.
17 Nov 2019 22:50:56,922 [main] INFO  service.migration.PizzaMigrationService - MIGRATION STARTED: pizzas.
17 Nov 2019 22:50:56,924 [main] WARN  service.migration.PizzaMigrationService - Duplicate entry '1' for key 'PRIMARY'
17 Nov 2019 22:50:56,926 [main] WARN  service.migration.PizzaMigrationService - Duplicate entry '2' for key 'PRIMARY'
17 Nov 2019 22:50:56,928 [main] WARN  service.migration.PizzaMigrationService - Duplicate entry '3' for key 'PRIMARY'
17 Nov 2019 22:50:56,929 [main] WARN  service.migration.PizzaMigrationService - Duplicate entry '4' for key 'PRIMARY'
17 Nov 2019 22:50:56,931 [main] WARN  service.migration.PizzaMigrationService - Duplicate entry '5' for key 'PRIMARY'
17 Nov 2019 22:50:56,933 [main] WARN  service.migration.PizzaMigrationService - Duplicate entry '6' for key 'PRIMARY'
17 Nov 2019 22:50:56,934 [main] WARN  service.migration.PizzaMigrationService - Duplicate entry '7' for key 'PRIMARY'
17 Nov 2019 22:50:56,938 [main] WARN  service.migration.PizzaMigrationService - Duplicate entry '8' for key 'PRIMARY'
17 Nov 2019 22:50:56,940 [main] WARN  service.migration.PizzaMigrationService - Duplicate entry '9' for key 'PRIMARY'
17 Nov 2019 22:50:56,941 [main] WARN  service.migration.PizzaMigrationService - Duplicate entry '10' for key 'PRIMARY'
17 Nov 2019 22:50:56,942 [main] WARN  service.migration.PizzaMigrationService - Duplicate entry '11' for key 'PRIMARY'
17 Nov 2019 22:50:56,944 [main] WARN  service.migration.PizzaMigrationService - Duplicate entry '12' for key 'PRIMARY'
17 Nov 2019 22:50:56,945 [main] WARN  service.migration.PizzaMigrationService - Duplicate entry '13' for key 'PRIMARY'
17 Nov 2019 22:50:56,946 [main] WARN  service.migration.PizzaMigrationService - Duplicate entry '14' for key 'PRIMARY'
17 Nov 2019 22:50:56,948 [main] WARN  service.migration.PizzaMigrationService - Duplicate entry '15' for key 'PRIMARY'
17 Nov 2019 22:50:56,949 [main] WARN  service.migration.PizzaMigrationService - Duplicate entry '16' for key 'PRIMARY'
17 Nov 2019 22:50:56,951 [main] WARN  service.migration.PizzaMigrationService - Duplicate entry '17' for key 'PRIMARY'
17 Nov 2019 22:50:56,952 [main] WARN  service.migration.PizzaMigrationService - Duplicate entry '18' for key 'PRIMARY'
17 Nov 2019 22:50:56,953 [main] WARN  service.migration.PizzaMigrationService - Duplicate entry '19' for key 'PRIMARY'
17 Nov 2019 22:50:56,955 [main] WARN  service.migration.PizzaMigrationService - Duplicate entry '20' for key 'PRIMARY'
17 Nov 2019 22:50:56,956 [main] WARN  service.migration.PizzaMigrationService - Duplicate entry '21' for key 'PRIMARY'
17 Nov 2019 22:50:56,957 [main] WARN  service.migration.PizzaMigrationService - Duplicate entry '22' for key 'PRIMARY'
17 Nov 2019 22:50:56,958 [main] WARN  service.migration.PizzaMigrationService - Duplicate entry '23' for key 'PRIMARY'
17 Nov 2019 22:50:56,959 [main] WARN  service.migration.PizzaMigrationService - Duplicate entry '24' for key 'PRIMARY'
17 Nov 2019 22:50:56,960 [main] WARN  service.migration.PizzaMigrationService - Duplicate entry '25' for key 'PRIMARY'
17 Nov 2019 22:50:56,961 [main] WARN  service.migration.PizzaMigrationService - Duplicate entry '26' for key 'PRIMARY'
17 Nov 2019 22:50:56,962 [main] WARN  service.migration.PizzaMigrationService - Duplicate entry '27' for key 'PRIMARY'
17 Nov 2019 22:50:56,963 [main] WARN  service.migration.PizzaMigrationService - Duplicate entry '28' for key 'PRIMARY'
17 Nov 2019 22:50:56,963 [main] INFO  service.migration.PizzaMigrationService - MIGRATION COMPLETED: pizzas, 0/28.
17 Nov 2019 22:50:56,964 [main] INFO  service.migration.ToppingMigrationService - MIGRATION STARTED: toppings.
17 Nov 2019 22:50:57,008 [main] INFO  service.migration.ToppingMigrationService - Topping@10c37392 {super:Topping@10c37392 {id:1}, name:'Bavarian sausages'} migrated successfully.
17 Nov 2019 22:50:57,049 [main] INFO  service.migration.ToppingMigrationService - Topping@11e73 {super:Topping@11e73 {id:2}, name:'Ham'} migrated successfully.
17 Nov 2019 22:50:57,066 [main] INFO  service.migration.ToppingMigrationService - Topping@3ad6e106 {super:Topping@3ad6e106 {id:3}, name:'Pepperoni'} migrated successfully.
17 Nov 2019 22:50:57,091 [main] INFO  service.migration.ToppingMigrationService - Topping@8fafc9d2 {super:Topping@8fafc9d2 {id:4}, name:'Chicken'} migrated successfully.
17 Nov 2019 22:50:57,100 [main] INFO  service.migration.ToppingMigrationService - Topping@7d502365 {super:Topping@7d502365 {id:5}, name:'Boiled pork'} migrated successfully.
17 Nov 2019 22:50:57,107 [main] INFO  service.migration.ToppingMigrationService - Topping@28a3b5 {super:Topping@28a3b5 {id:6}, name:'Veal'} migrated successfully.
17 Nov 2019 22:50:57,115 [main] INFO  service.migration.ToppingMigrationService - Topping@c3e78752 {super:Topping@c3e78752 {id:7}, name:'Munich sausages'} migrated successfully.
17 Nov 2019 22:50:57,125 [main] INFO  service.migration.ToppingMigrationService - Topping@3cfad7c {super:Topping@3cfad7c {id:8}, name:'Bacon'} migrated successfully.
17 Nov 2019 22:50:57,134 [main] INFO  service.migration.ToppingMigrationService - Topping@de95151c {super:Topping@de95151c {id:9}, name:'Shrimps'} migrated successfully.
17 Nov 2019 22:50:57,145 [main] INFO  service.migration.ToppingMigrationService - Topping@4a529c5e {super:Topping@4a529c5e {id:10}, name:'Parmesan'} migrated successfully.
17 Nov 2019 22:50:57,156 [main] INFO  service.migration.ToppingMigrationService - Topping@26c6e425 {super:Topping@26c6e425 {id:11}, name:'Mozzarella'} migrated successfully.
17 Nov 2019 22:50:57,164 [main] INFO  service.migration.ToppingMigrationService - Topping@7caf7072 {super:Topping@7caf7072 {id:12}, name:'Blue cheese'} migrated successfully.
17 Nov 2019 22:50:57,171 [main] INFO  service.migration.ToppingMigrationService - Topping@2160e0 {super:Topping@2160e0 {id:13}, name:'Feta'} migrated successfully.
17 Nov 2019 22:50:57,180 [main] INFO  service.migration.ToppingMigrationService - Topping@8f77c6a4 {super:Topping@8f77c6a4 {id:14}, name:'Cheddar'} migrated successfully.
17 Nov 2019 22:50:57,188 [main] INFO  service.migration.ToppingMigrationService - Topping@5e560182 {super:Topping@5e560182 {id:15}, name:'Cream fresh'} migrated successfully.
17 Nov 2019 22:50:57,196 [main] INFO  service.migration.ToppingMigrationService - Topping@8dde24ac {super:Topping@8dde24ac {id:16}, name:'Mushrooms'} migrated successfully.
17 Nov 2019 22:50:57,205 [main] INFO  service.migration.ToppingMigrationService - Topping@7c44d713 {super:Topping@7c44d713 {id:17}, name:'Champignons'} migrated successfully.
17 Nov 2019 22:50:57,214 [main] INFO  service.migration.ToppingMigrationService - Topping@d02a2f71 {super:Topping@d02a2f71 {id:18}, name:'Jalapeno'} migrated successfully.
17 Nov 2019 22:50:57,232 [main] INFO  service.migration.ToppingMigrationService - Topping@c543fc66 {super:Topping@c543fc66 {id:19}, name:'Tomatoes'} migrated successfully.
17 Nov 2019 22:50:57,250 [main] INFO  service.migration.ToppingMigrationService - Topping@85778dec {super:Topping@85778dec {id:20}, name:'Bell pepper'} migrated successfully.
17 Nov 2019 22:50:57,259 [main] INFO  service.migration.ToppingMigrationService - Topping@48cdff5 {super:Topping@48cdff5 {id:21}, name:'Onion'} migrated successfully.
17 Nov 2019 22:50:57,279 [main] INFO  service.migration.ToppingMigrationService - Topping@8cf24c83 {super:Topping@8cf24c83 {id:22}, name:'Olives'} migrated successfully.
17 Nov 2019 22:50:57,287 [main] INFO  service.migration.ToppingMigrationService - Topping@5d908e54 {super:Topping@5d908e54 {id:23}, name:'Pineapple'} migrated successfully.
17 Nov 2019 22:50:57,298 [main] INFO  service.migration.ToppingMigrationService - Topping@8ab09856 {super:Topping@8ab09856 {id:24}, name:'Cucumbers'} migrated successfully.
17 Nov 2019 22:50:57,307 [main] INFO  service.migration.ToppingMigrationService - Topping@ebbf1fac {super:Topping@ebbf1fac {id:25}, name:'Spinach'} migrated successfully.
17 Nov 2019 22:50:57,324 [main] INFO  service.migration.ToppingMigrationService - Topping@b7719e71 {super:Topping@b7719e71 {id:26}, name:'Mustard'} migrated successfully.
17 Nov 2019 22:50:57,332 [main] INFO  service.migration.ToppingMigrationService - Topping@3001a3bd {super:Topping@3001a3bd {id:27}, name:'Garlic sauce'} migrated successfully.
17 Nov 2019 22:50:57,341 [main] INFO  service.migration.ToppingMigrationService - Topping@85a08a38 {super:Topping@85a08a38 {id:28}, name:'Tomato sauce'} migrated successfully.
17 Nov 2019 22:50:57,350 [main] INFO  service.migration.ToppingMigrationService - Topping@fba874fe {super:Topping@fba874fe {id:29}, name:'BBQ sauce'} migrated successfully.
17 Nov 2019 22:50:57,360 [main] INFO  service.migration.ToppingMigrationService - Topping@241a6cf3 {super:Topping@241a6cf3 {id:30}, name:'Curry sauce'} migrated successfully.
17 Nov 2019 22:50:57,361 [main] INFO  service.migration.ToppingMigrationService - MIGRATION COMPLETED: toppings, 30/30.
17 Nov 2019 22:55:57,584 [main] INFO  service.validation.XmlService - XML file validated successfully.
17 Nov 2019 22:55:58,179 [main] INFO  service.validation.XmlService - XML file deserialized successfully.
17 Nov 2019 22:55:59,123 [main] INFO  service.jdbc.JdbcConnectionService - Database connection has been established successfully.
17 Nov 2019 22:55:59,125 [main] INFO  service.migration.PizzaToppingMigrationService - MIGRATION STARTED: pizza_toppings.
17 Nov 2019 22:55:59,207 [main] INFO  service.migration.PizzaToppingMigrationService - PizzaTopping@7840 {super:PizzaTopping@7840 {id:1}, toppingId:1, pizzaId:1} migrated successfully.
17 Nov 2019 22:55:59,232 [main] INFO  service.migration.PizzaToppingMigrationService - PizzaTopping@7f65 {super:PizzaTopping@7f65 {id:2}, toppingId:29, pizzaId:1} migrated successfully.
17 Nov 2019 22:55:59,249 [main] INFO  service.migration.PizzaToppingMigrationService - PizzaTopping@80f8 {super:PizzaTopping@80f8 {id:3}, toppingId:11, pizzaId:1} migrated successfully.
17 Nov 2019 22:55:59,274 [main] INFO  service.migration.PizzaToppingMigrationService - PizzaTopping@8592 {super:PizzaTopping@8592 {id:4}, toppingId:18, pizzaId:1} migrated successfully.
17 Nov 2019 22:55:59,283 [main] INFO  service.migration.PizzaToppingMigrationService - PizzaTopping@885b {super:PizzaTopping@885b {id:5}, toppingId:10, pizzaId:1} migrated successfully.
17 Nov 2019 22:55:59,293 [main] INFO  service.migration.PizzaToppingMigrationService - PizzaTopping@8b44 {super:PizzaTopping@8b44 {id:6}, toppingId:3, pizzaId:2} migrated successfully.
17 Nov 2019 22:55:59,313 [main] INFO  service.migration.PizzaToppingMigrationService - PizzaTopping@8ffd {super:PizzaTopping@8ffd {id:7}, toppingId:11, pizzaId:2} migrated successfully.
17 Nov 2019 22:55:59,323 [main] INFO  service.migration.PizzaToppingMigrationService - PizzaTopping@94b6 {super:PizzaTopping@94b6 {id:8}, toppingId:19, pizzaId:2} migrated successfully.
17 Nov 2019 22:55:59,340 [main] INFO  service.migration.PizzaToppingMigrationService - PizzaTopping@99ad {super:PizzaTopping@99ad {id:9}, toppingId:29, pizzaId:2} migrated successfully.
17 Nov 2019 22:55:59,350 [main] INFO  service.migration.PizzaToppingMigrationService - PizzaTopping@9c58 {super:PizzaTopping@9c58 {id:10}, toppingId:20, pizzaId:3} migrated successfully.
17 Nov 2019 22:55:59,359 [main] INFO  service.migration.PizzaToppingMigrationService - PizzaTopping@9f02 {super:PizzaTopping@9f02 {id:11}, toppingId:11, pizzaId:3} migrated successfully.
17 Nov 2019 22:55:59,368 [main] INFO  service.migration.PizzaToppingMigrationService - PizzaTopping@a3f9 {super:PizzaTopping@a3f9 {id:12}, toppingId:21, pizzaId:3} migrated successfully.
17 Nov 2019 22:55:59,377 [main] INFO  service.migration.PizzaToppingMigrationService - PizzaTopping@a7d9 {super:PizzaTopping@a7d9 {id:13}, toppingId:22, pizzaId:3} migrated successfully.
17 Nov 2019 22:55:59,386 [main] INFO  service.migration.PizzaToppingMigrationService - PizzaTopping@ab3d {super:PizzaTopping@ab3d {id:14}, toppingId:19, pizzaId:3} migrated successfully.
17 Nov 2019 22:55:59,396 [main] INFO  service.migration.PizzaToppingMigrationService - PizzaTopping@aec0 {super:PizzaTopping@aec0 {id:15}, toppingId:17, pizzaId:3} migrated successfully.
17 Nov 2019 22:55:59,420 [main] INFO  service.migration.PizzaToppingMigrationService - PizzaTopping@b3d6 {super:PizzaTopping@b3d6 {id:16}, toppingId:28, pizzaId:3} migrated successfully.
17 Nov 2019 22:55:59,429 [main] INFO  service.migration.PizzaToppingMigrationService - PizzaTopping@b589 {super:PizzaTopping@b589 {id:17}, toppingId:11, pizzaId:4} migrated successfully.
17 Nov 2019 22:55:59,438 [main] INFO  service.migration.PizzaToppingMigrationService - PizzaTopping@b871 {super:PizzaTopping@b871 {id:18}, toppingId:4, pizzaId:4} migrated successfully.
17 Nov 2019 22:55:59,448 [main] INFO  service.migration.PizzaToppingMigrationService - PizzaTopping@bf1a {super:PizzaTopping@bf1a {id:19}, toppingId:28, pizzaId:4} migrated successfully.
17 Nov 2019 22:55:59,456 [main] INFO  service.migration.PizzaToppingMigrationService - PizzaTopping@c240 {super:PizzaTopping@c240 {id:20}, toppingId:23, pizzaId:4} migrated successfully.
17 Nov 2019 22:55:59,465 [main] INFO  service.migration.PizzaToppingMigrationService - PizzaTopping@c602 {super:PizzaTopping@c602 {id:21}, toppingId:23, pizzaId:5} migrated successfully.
17 Nov 2019 22:55:59,474 [main] INFO  service.migration.PizzaToppingMigrationService - PizzaTopping@c84f {super:PizzaTopping@c84f {id:22}, toppingId:11, pizzaId:5} migrated successfully.
17 Nov 2019 22:55:59,483 [main] INFO  service.migration.PizzaToppingMigrationService - PizzaTopping@caf9 {super:PizzaTopping@caf9 {id:23}, toppingId:2, pizzaId:5} migrated successfully.
17 Nov 2019 22:55:59,495 [main] INFO  service.migration.PizzaToppingMigrationService - PizzaTopping@cef8 {super:PizzaTopping@cef8 {id:24}, toppingId:4, pizzaId:5} migrated successfully.
17 Nov 2019 22:55:59,503 [main] INFO  service.migration.PizzaToppingMigrationService - PizzaTopping@d5df {super:PizzaTopping@d5df {id:25}, toppingId:30, pizzaId:5} migrated successfully.
17 Nov 2019 22:55:59,522 [main] INFO  service.migration.PizzaToppingMigrationService - PizzaTopping@d88a {super:PizzaTopping@d88a {id:26}, toppingId:21, pizzaId:6} migrated successfully.
17 Nov 2019 22:55:59,530 [main] INFO  service.migration.PizzaToppingMigrationService - PizzaTopping@dbcf {super:PizzaTopping@dbcf {id:27}, toppingId:17, pizzaId:6} migrated successfully.
17 Nov 2019 22:55:59,538 [main] INFO  service.migration.PizzaToppingMigrationService - PizzaTopping@df52 {super:PizzaTopping@df52 {id:28}, toppingId:15, pizzaId:6} migrated successfully.
17 Nov 2019 22:55:59,548 [main] INFO  service.migration.PizzaToppingMigrationService - PizzaTopping@e297 {super:PizzaTopping@e297 {id:29}, toppingId:11, pizzaId:6} migrated successfully.
17 Nov 2019 22:55:59,557 [main] INFO  service.migration.PizzaToppingMigrationService - PizzaTopping@e541 {super:PizzaTopping@e541 {id:30}, toppingId:2, pizzaId:6} migrated successfully.
17 Nov 2019 22:55:59,570 [main] INFO  service.migration.PizzaToppingMigrationService - PizzaTopping@e9bc {super:PizzaTopping@e9bc {id:31}, toppingId:8, pizzaId:6} migrated successfully.
17 Nov 2019 22:55:59,584 [main] INFO  service.migration.PizzaToppingMigrationService - PizzaTopping@eddb {super:PizzaTopping@eddb {id:32}, toppingId:11, pizzaId:7} migrated successfully.
17 Nov 2019 22:55:59,643 [main] INFO  service.migration.PizzaToppingMigrationService - PizzaTopping@f38c {super:PizzaTopping@f38c {id:33}, toppingId:27, pizzaId:7} migrated successfully.
17 Nov 2019 22:55:59,653 [main] INFO  service.migration.PizzaToppingMigrationService - PizzaTopping@f465 {super:PizzaTopping@f465 {id:34}, toppingId:3, pizzaId:7} migrated successfully.
17 Nov 2019 22:55:59,661 [main] INFO  service.migration.PizzaToppingMigrationService - PizzaTopping@f93d {super:PizzaTopping@f93d {id:35}, toppingId:12, pizzaId:7} migrated successfully.
17 Nov 2019 22:55:59,671 [main] INFO  service.migration.PizzaToppingMigrationService - PizzaTopping@fbe8 {super:PizzaTopping@fbe8 {id:36}, toppingId:3, pizzaId:8} migrated successfully.
17 Nov 2019 22:55:59,681 [main] INFO  service.migration.PizzaToppingMigrationService - PizzaTopping@1017a {super:PizzaTopping@1017a {id:37}, toppingId:18, pizzaId:8} migrated successfully.
17 Nov 2019 22:55:59,701 [main] INFO  service.migration.PizzaToppingMigrationService - PizzaTopping@10462 {super:PizzaTopping@10462 {id:38}, toppingId:11, pizzaId:8} migrated successfully.
17 Nov 2019 22:55:59,722 [main] INFO  service.migration.PizzaToppingMigrationService - PizzaTopping@10a32 {super:PizzaTopping@10a32 {id:39}, toppingId:28, pizzaId:8} migrated successfully.
17 Nov 2019 22:55:59,731 [main] INFO  service.migration.PizzaToppingMigrationService - PizzaTopping@10b87 {super:PizzaTopping@10b87 {id:40}, toppingId:8, pizzaId:8} migrated successfully.
17 Nov 2019 22:55:59,740 [main] INFO  service.migration.PizzaToppingMigrationService - PizzaTopping@1109d {super:PizzaTopping@1109d {id:41}, toppingId:19, pizzaId:8} migrated successfully.
17 Nov 2019 22:55:59,749 [main] INFO  service.migration.PizzaToppingMigrationService - PizzaTopping@11595 {super:PizzaTopping@11595 {id:42}, toppingId:29, pizzaId:9} migrated successfully.
17 Nov 2019 22:55:59,765 [main] INFO  service.migration.PizzaToppingMigrationService - PizzaTopping@1185e {super:PizzaTopping@1185e {id:43}, toppingId:21, pizzaId:9} migrated successfully.
17 Nov 2019 22:55:59,774 [main] INFO  service.migration.PizzaToppingMigrationService - PizzaTopping@11a10 {super:PizzaTopping@11a10 {id:44}, toppingId:4, pizzaId:9} migrated successfully.
17 Nov 2019 22:55:59,783 [main] INFO  service.migration.PizzaToppingMigrationService - PizzaTopping@11f64 {super:PizzaTopping@11f64 {id:45}, toppingId:17, pizzaId:9} migrated successfully.
17 Nov 2019 22:55:59,794 [main] INFO  service.migration.PizzaToppingMigrationService - PizzaTopping@1226b {super:PizzaTopping@1226b {id:46}, toppingId:11, pizzaId:9} migrated successfully.
17 Nov 2019 22:55:59,804 [main] INFO  service.migration.PizzaToppingMigrationService - PizzaTopping@125cf {super:PizzaTopping@125cf {id:47}, toppingId:8, pizzaId:9} migrated successfully.
17 Nov 2019 22:55:59,815 [main] INFO  service.migration.PizzaToppingMigrationService - PizzaTopping@12a0d {super:PizzaTopping@12a0d {id:48}, toppingId:12, pizzaId:10} migrated successfully.
17 Nov 2019 22:55:59,823 [main] INFO  service.migration.PizzaToppingMigrationService - PizzaTopping@12ea7 {super:PizzaTopping@12ea7 {id:49}, toppingId:19, pizzaId:10} migrated successfully.
17 Nov 2019 22:55:59,844 [main] INFO  service.migration.PizzaToppingMigrationService - PizzaTopping@13170 {super:PizzaTopping@13170 {id:50}, toppingId:11, pizzaId:10} migrated successfully.
17 Nov 2019 22:55:59,853 [main] INFO  service.migration.PizzaToppingMigrationService - PizzaTopping@13439 {super:PizzaTopping@13439 {id:51}, toppingId:3, pizzaId:10} migrated successfully.
17 Nov 2019 22:55:59,864 [main] INFO  service.migration.PizzaToppingMigrationService - PizzaTopping@137db {super:PizzaTopping@137db {id:52}, toppingId:2, pizzaId:10} migrated successfully.
17 Nov 2019 22:55:59,873 [main] INFO  service.migration.PizzaToppingMigrationService - PizzaTopping@13d2f {super:PizzaTopping@13d2f {id:53}, toppingId:15, pizzaId:10} migrated successfully.
17 Nov 2019 22:55:59,882 [main] INFO  service.migration.PizzaToppingMigrationService - PizzaTopping@14284 {super:PizzaTopping@14284 {id:54}, toppingId:28, pizzaId:11} migrated successfully.
17 Nov 2019 22:55:59,890 [main] INFO  service.migration.PizzaToppingMigrationService - PizzaTopping@14436 {super:PizzaTopping@14436 {id:55}, toppingId:11, pizzaId:11} migrated successfully.
17 Nov 2019 22:55:59,897 [main] INFO  service.migration.PizzaToppingMigrationService - PizzaTopping@146ff {super:PizzaTopping@146ff {id:56}, toppingId:3, pizzaId:11} migrated successfully.
17 Nov 2019 22:55:59,906 [main] INFO  service.migration.PizzaToppingMigrationService - PizzaTopping@14c35 {super:PizzaTopping@14c35 {id:57}, toppingId:15, pizzaId:12} migrated successfully.
17 Nov 2019 22:55:59,915 [main] INFO  service.migration.PizzaToppingMigrationService - PizzaTopping@14f7a {super:PizzaTopping@14f7a {id:58}, toppingId:11, pizzaId:12} migrated successfully.
17 Nov 2019 22:55:59,922 [main] INFO  service.migration.PizzaToppingMigrationService - PizzaTopping@153d7 {super:PizzaTopping@153d7 {id:59}, toppingId:16, pizzaId:13} migrated successfully.
17 Nov 2019 22:55:59,929 [main] INFO  service.migration.PizzaToppingMigrationService - PizzaTopping@156fd {super:PizzaTopping@156fd {id:60}, toppingId:11, pizzaId:13} migrated successfully.
17 Nov 2019 22:55:59,938 [main] INFO  service.migration.PizzaToppingMigrationService - PizzaTopping@15cae {super:PizzaTopping@15cae {id:61}, toppingId:27, pizzaId:13} migrated successfully.
17 Nov 2019 22:55:59,947 [main] INFO  service.migration.PizzaToppingMigrationService - PizzaTopping@15e9e {super:PizzaTopping@15e9e {id:62}, toppingId:12, pizzaId:13} migrated successfully.
17 Nov 2019 22:55:59,956 [main] INFO  service.migration.PizzaToppingMigrationService - PizzaTopping@162fa {super:PizzaTopping@162fa {id:63}, toppingId:17, pizzaId:13} migrated successfully.
17 Nov 2019 22:55:59,965 [main] INFO  service.migration.PizzaToppingMigrationService - PizzaTopping@167d3 {super:PizzaTopping@167d3 {id:64}, toppingId:26, pizzaId:14} migrated successfully.
17 Nov 2019 22:55:59,975 [main] INFO  service.migration.PizzaToppingMigrationService - PizzaTopping@16947 {super:PizzaTopping@16947 {id:65}, toppingId:7, pizzaId:14} migrated successfully.
17 Nov 2019 22:55:59,983 [main] INFO  service.migration.PizzaToppingMigrationService - PizzaTopping@16c4e {super:PizzaTopping@16c4e {id:66}, toppingId:1, pizzaId:14} migrated successfully.
17 Nov 2019 22:55:59,996 [main] INFO  service.migration.PizzaToppingMigrationService - PizzaTopping@17373 {super:PizzaTopping@17373 {id:67}, toppingId:29, pizzaId:14} migrated successfully.
17 Nov 2019 22:56:00,006 [main] INFO  service.migration.PizzaToppingMigrationService - PizzaTopping@17506 {super:PizzaTopping@17506 {id:68}, toppingId:11, pizzaId:14} migrated successfully.
17 Nov 2019 22:56:00,022 [main] INFO  service.migration.PizzaToppingMigrationService - PizzaTopping@179bf {super:PizzaTopping@179bf {id:69}, toppingId:19, pizzaId:14} migrated successfully.
17 Nov 2019 22:56:00,041 [main] INFO  service.migration.PizzaToppingMigrationService - PizzaTopping@17b71 {super:PizzaTopping@17b71 {id:70}, toppingId:2, pizzaId:14} migrated successfully.
17 Nov 2019 22:56:00,049 [main] INFO  service.migration.PizzaToppingMigrationService - PizzaTopping@181dd {super:PizzaTopping@181dd {id:71}, toppingId:24, pizzaId:15} migrated successfully.
17 Nov 2019 22:56:00,059 [main] INFO  service.migration.PizzaToppingMigrationService - PizzaTopping@183ae {super:PizzaTopping@183ae {id:72}, toppingId:8, pizzaId:15} migrated successfully.
17 Nov 2019 22:56:00,068 [main] INFO  service.migration.PizzaToppingMigrationService - PizzaTopping@18902 {super:PizzaTopping@18902 {id:73}, toppingId:21, pizzaId:15} migrated successfully.
17 Nov 2019 22:56:00,077 [main] INFO  service.migration.PizzaToppingMigrationService - PizzaTopping@18d7d {super:PizzaTopping@18d7d {id:74}, toppingId:27, pizzaId:15} migrated successfully.
17 Nov 2019 22:56:00,085 [main] INFO  service.migration.PizzaToppingMigrationService - PizzaTopping@19008 {super:PizzaTopping@19008 {id:75}, toppingId:17, pizzaId:15} migrated successfully.
17 Nov 2019 22:56:00,096 [main] INFO  service.migration.PizzaToppingMigrationService - PizzaTopping@191f8 {super:PizzaTopping@191f8 {id:76}, toppingId:2, pizzaId:15} migrated successfully.
17 Nov 2019 22:56:00,106 [main] INFO  service.migration.PizzaToppingMigrationService - PizzaTopping@196d0 {super:PizzaTopping@196d0 {id:77}, toppingId:11, pizzaId:15} migrated successfully.
17 Nov 2019 22:56:00,134 [main] INFO  service.migration.PizzaToppingMigrationService - PizzaTopping@19ad0 {super:PizzaTopping@19ad0 {id:78}, toppingId:13, pizzaId:16} migrated successfully.
17 Nov 2019 22:56:00,159 [main] INFO  service.migration.PizzaToppingMigrationService - PizzaTopping@19e34 {super:PizzaTopping@19e34 {id:79}, toppingId:10, pizzaId:16} migrated successfully.
17 Nov 2019 22:56:00,168 [main] INFO  service.migration.PizzaToppingMigrationService - PizzaTopping@1a233 {super:PizzaTopping@1a233 {id:80}, toppingId:12, pizzaId:16} migrated successfully.
17 Nov 2019 22:56:00,178 [main] INFO  service.migration.PizzaToppingMigrationService - PizzaTopping@1a651 {super:PizzaTopping@1a651 {id:81}, toppingId:15, pizzaId:16} migrated successfully.
17 Nov 2019 22:56:00,186 [main] INFO  service.migration.PizzaToppingMigrationService - PizzaTopping@1a996 {super:PizzaTopping@1a996 {id:82}, toppingId:11, pizzaId:16} migrated successfully.
17 Nov 2019 22:56:00,197 [main] INFO  service.migration.PizzaToppingMigrationService - PizzaTopping@1adb4 {super:PizzaTopping@1adb4 {id:83}, toppingId:14, pizzaId:16} migrated successfully.
17 Nov 2019 22:56:00,208 [main] INFO  service.migration.PizzaToppingMigrationService - PizzaTopping@1b211 {super:PizzaTopping@1b211 {id:84}, toppingId:19, pizzaId:17} migrated successfully.
17 Nov 2019 22:56:00,218 [main] INFO  service.migration.PizzaToppingMigrationService - PizzaTopping@1b518 {super:PizzaTopping@1b518 {id:85}, toppingId:13, pizzaId:17} migrated successfully.
17 Nov 2019 22:56:00,238 [main] INFO  service.migration.PizzaToppingMigrationService - PizzaTopping@1b7c2 {super:PizzaTopping@1b7c2 {id:86}, toppingId:4, pizzaId:17} migrated successfully.
17 Nov 2019 22:56:00,247 [main] INFO  service.migration.PizzaToppingMigrationService - PizzaTopping@1bc5c {super:PizzaTopping@1bc5c {id:87}, toppingId:11, pizzaId:17} migrated successfully.
17 Nov 2019 22:56:00,257 [main] INFO  service.migration.PizzaToppingMigrationService - PizzaTopping@1c20d {super:PizzaTopping@1c20d {id:88}, toppingId:27, pizzaId:17} migrated successfully.
17 Nov 2019 22:56:00,266 [main] INFO  service.migration.PizzaToppingMigrationService - PizzaTopping@1c590 {super:PizzaTopping@1c590 {id:89}, toppingId:25, pizzaId:17} migrated successfully.
17 Nov 2019 22:56:00,275 [main] INFO  service.migration.PizzaToppingMigrationService - PizzaTopping@1c7a0 {super:PizzaTopping@1c7a0 {id:90}, toppingId:11, pizzaId:18} migrated successfully.
17 Nov 2019 22:56:00,286 [main] INFO  service.migration.PizzaToppingMigrationService - PizzaTopping@1cb23 {super:PizzaTopping@1cb23 {id:91}, toppingId:9, pizzaId:18} migrated successfully.
17 Nov 2019 22:56:00,304 [main] INFO  service.migration.PizzaToppingMigrationService - PizzaTopping@1d096 {super:PizzaTopping@1d096 {id:92}, toppingId:23, pizzaId:18} migrated successfully.
17 Nov 2019 22:56:00,314 [main] INFO  service.migration.PizzaToppingMigrationService - PizzaTopping@1d39d {super:PizzaTopping@1d39d {id:93}, toppingId:17, pizzaId:18} migrated successfully.
17 Nov 2019 22:56:00,323 [main] INFO  service.migration.PizzaToppingMigrationService - PizzaTopping@1d894 {super:PizzaTopping@1d894 {id:94}, toppingId:27, pizzaId:18} migrated successfully.
17 Nov 2019 22:56:00,332 [main] INFO  service.migration.PizzaToppingMigrationService - PizzaTopping@1db7d {super:PizzaTopping@1db7d {id:95}, toppingId:20, pizzaId:19} migrated successfully.
17 Nov 2019 22:56:00,340 [main] INFO  service.migration.PizzaToppingMigrationService - PizzaTopping@1dd6d {super:PizzaTopping@1dd6d {id:96}, toppingId:5, pizzaId:19} migrated successfully.
17 Nov 2019 22:56:00,348 [main] INFO  service.migration.PizzaToppingMigrationService - PizzaTopping@1e0f0 {super:PizzaTopping@1e0f0 {id:97}, toppingId:3, pizzaId:19} migrated successfully.
17 Nov 2019 22:56:00,360 [main] INFO  service.migration.PizzaToppingMigrationService - PizzaTopping@1e5a9 {super:PizzaTopping@1e5a9 {id:98}, toppingId:11, pizzaId:19} migrated successfully.
17 Nov 2019 22:56:00,369 [main] INFO  service.migration.PizzaToppingMigrationService - PizzaTopping@1eb98 {super:PizzaTopping@1eb98 {id:99}, toppingId:29, pizzaId:19} migrated successfully.
17 Nov 2019 22:56:00,378 [main] INFO  service.migration.PizzaToppingMigrationService - PizzaTopping@1f1a6 {super:PizzaTopping@1f1a6 {id:101}, toppingId:17, pizzaId:19} migrated successfully.
17 Nov 2019 22:56:00,387 [main] INFO  service.migration.PizzaToppingMigrationService - PizzaTopping@1f48e {super:PizzaTopping@1f48e {id:102}, toppingId:10, pizzaId:19} migrated successfully.
17 Nov 2019 22:56:00,395 [main] INFO  service.migration.PizzaToppingMigrationService - PizzaTopping@1f9a4 {super:PizzaTopping@1f9a4 {id:103}, toppingId:21, pizzaId:19} migrated successfully.
17 Nov 2019 22:56:00,404 [main] INFO  service.migration.PizzaToppingMigrationService - PizzaTopping@1fbd3 {super:PizzaTopping@1fbd3 {id:104}, toppingId:8, pizzaId:20} migrated successfully.
17 Nov 2019 22:56:00,417 [main] INFO  service.migration.PizzaToppingMigrationService - PizzaTopping@1fff1 {super:PizzaTopping@1fff1 {id:105}, toppingId:11, pizzaId:20} migrated successfully.
17 Nov 2019 22:56:00,425 [main] INFO  service.migration.PizzaToppingMigrationService - PizzaTopping@205c1 {super:PizzaTopping@205c1 {id:106}, toppingId:28, pizzaId:20} migrated successfully.
17 Nov 2019 22:56:00,436 [main] INFO  service.migration.PizzaToppingMigrationService - PizzaTopping@20754 {super:PizzaTopping@20754 {id:107}, toppingId:10, pizzaId:20} migrated successfully.
17 Nov 2019 22:56:00,443 [main] INFO  service.migration.PizzaToppingMigrationService - PizzaTopping@20a7a {super:PizzaTopping@20a7a {id:108}, toppingId:5, pizzaId:20} migrated successfully.
17 Nov 2019 22:56:00,451 [main] INFO  service.migration.PizzaToppingMigrationService - PizzaTopping@20e5a {super:PizzaTopping@20e5a {id:109}, toppingId:6, pizzaId:20} migrated successfully.
17 Nov 2019 22:56:00,460 [main] INFO  service.migration.PizzaToppingMigrationService - PizzaTopping@211be {super:PizzaTopping@211be {id:110}, toppingId:3, pizzaId:20} migrated successfully.
17 Nov 2019 22:56:00,473 [main] INFO  service.migration.PizzaToppingMigrationService - PizzaTopping@21560 {super:PizzaTopping@21560 {id:111}, toppingId:2, pizzaId:20} migrated successfully.
17 Nov 2019 22:56:00,483 [main] INFO  service.migration.PizzaToppingMigrationService - PizzaTopping@21b6f {super:PizzaTopping@21b6f {id:112}, toppingId:21, pizzaId:21} migrated successfully.
17 Nov 2019 22:56:00,492 [main] INFO  service.migration.PizzaToppingMigrationService - PizzaTopping@21d21 {super:PizzaTopping@21d21 {id:113}, toppingId:4, pizzaId:21} migrated successfully.
17 Nov 2019 22:56:00,501 [main] INFO  service.migration.PizzaToppingMigrationService - PizzaTopping@2219c {super:PizzaTopping@2219c {id:114}, toppingId:10, pizzaId:21} migrated successfully.
17 Nov 2019 22:56:00,554 [main] INFO  service.migration.PizzaToppingMigrationService - PizzaTopping@2278b {super:PizzaTopping@2278b {id:115}, toppingId:28, pizzaId:21} migrated successfully.
17 Nov 2019 22:56:00,564 [main] INFO  service.migration.PizzaToppingMigrationService - PizzaTopping@22883 {super:PizzaTopping@22883 {id:116}, toppingId:5, pizzaId:21} migrated successfully.
17 Nov 2019 22:56:00,575 [main] INFO  service.migration.PizzaToppingMigrationService - PizzaTopping@22ca1 {super:PizzaTopping@22ca1 {id:117}, toppingId:8, pizzaId:21} migrated successfully.
17 Nov 2019 22:56:00,609 [main] INFO  service.migration.PizzaToppingMigrationService - PizzaTopping@23179 {super:PizzaTopping@23179 {id:118}, toppingId:17, pizzaId:21} migrated successfully.
17 Nov 2019 22:56:00,635 [main] INFO  service.migration.PizzaToppingMigrationService - PizzaTopping@233e5 {super:PizzaTopping@233e5 {id:119}, toppingId:6, pizzaId:21} migrated successfully.
17 Nov 2019 22:56:00,663 [main] INFO  service.migration.PizzaToppingMigrationService - PizzaTopping@23939 {super:PizzaTopping@23939 {id:120}, toppingId:19, pizzaId:21} migrated successfully.
17 Nov 2019 22:56:00,673 [main] INFO  service.migration.PizzaToppingMigrationService - PizzaTopping@23c02 {super:PizzaTopping@23c02 {id:121}, toppingId:11, pizzaId:21} migrated successfully.
17 Nov 2019 22:56:00,683 [main] INFO  service.migration.PizzaToppingMigrationService - PizzaTopping@240da {super:PizzaTopping@240da {id:122}, toppingId:20, pizzaId:21} migrated successfully.
17 Nov 2019 22:56:00,692 [main] INFO  service.migration.PizzaToppingMigrationService - PizzaTopping@242ea {super:PizzaTopping@242ea {id:123}, toppingId:6, pizzaId:22} migrated successfully.
17 Nov 2019 22:56:00,702 [main] INFO  service.migration.PizzaToppingMigrationService - PizzaTopping@24800 {super:PizzaTopping@24800 {id:124}, toppingId:17, pizzaId:22} migrated successfully.
17 Nov 2019 22:56:00,711 [main] INFO  service.migration.PizzaToppingMigrationService - PizzaTopping@24d16 {super:PizzaTopping@24d16 {id:125}, toppingId:28, pizzaId:22} migrated successfully.
17 Nov 2019 22:56:00,720 [main] INFO  service.migration.PizzaToppingMigrationService - PizzaTopping@24ec8 {super:PizzaTopping@24ec8 {id:126}, toppingId:11, pizzaId:22} migrated successfully.
17 Nov 2019 22:56:00,731 [main] INFO  service.migration.PizzaToppingMigrationService - PizzaTopping@25191 {super:PizzaTopping@25191 {id:127}, toppingId:3, pizzaId:22} migrated successfully.
17 Nov 2019 22:56:00,741 [main] INFO  service.migration.PizzaToppingMigrationService - PizzaTopping@25780 {super:PizzaTopping@25780 {id:128}, toppingId:21, pizzaId:22} migrated successfully.
17 Nov 2019 22:56:00,750 [main] INFO  service.migration.PizzaToppingMigrationService - PizzaTopping@25b22 {super:PizzaTopping@25b22 {id:129}, toppingId:20, pizzaId:22} migrated successfully.
17 Nov 2019 22:56:00,759 [main] INFO  service.migration.PizzaToppingMigrationService - PizzaTopping@25d12 {super:PizzaTopping@25d12 {id:130}, toppingId:5, pizzaId:22} migrated successfully.
17 Nov 2019 22:56:00,768 [main] INFO  service.migration.PizzaToppingMigrationService - PizzaTopping@262e2 {super:PizzaTopping@262e2 {id:131}, toppingId:22, pizzaId:22} migrated successfully.
17 Nov 2019 22:56:00,776 [main] INFO  service.migration.PizzaToppingMigrationService - PizzaTopping@26437 {super:PizzaTopping@26437 {id:132}, toppingId:2, pizzaId:22} migrated successfully.
17 Nov 2019 22:56:00,786 [main] INFO  service.migration.PizzaToppingMigrationService - PizzaTopping@267da {super:PizzaTopping@267da {id:133}, toppingId:1, pizzaId:23} migrated successfully.
17 Nov 2019 22:56:00,795 [main] INFO  service.migration.PizzaToppingMigrationService - PizzaTopping@26f1e {super:PizzaTopping@26f1e {id:134}, toppingId:30, pizzaId:23} migrated successfully.
17 Nov 2019 22:56:00,804 [main] INFO  service.migration.PizzaToppingMigrationService - PizzaTopping@27092 {super:PizzaTopping@27092 {id:135}, toppingId:11, pizzaId:23} migrated successfully.
17 Nov 2019 22:56:00,813 [main] INFO  service.migration.PizzaToppingMigrationService - PizzaTopping@2754c {super:PizzaTopping@2754c {id:136}, toppingId:19, pizzaId:24} migrated successfully.
17 Nov 2019 22:56:00,823 [main] INFO  service.migration.PizzaToppingMigrationService - PizzaTopping@27853 {super:PizzaTopping@27853 {id:137}, toppingId:13, pizzaId:24} migrated successfully.
17 Nov 2019 22:56:00,832 [main] INFO  service.migration.PizzaToppingMigrationService - PizzaTopping@27c52 {super:PizzaTopping@27c52 {id:138}, toppingId:15, pizzaId:24} migrated successfully.
17 Nov 2019 22:56:00,843 [main] INFO  service.migration.PizzaToppingMigrationService - PizzaTopping@27f97 {super:PizzaTopping@27f97 {id:139}, toppingId:11, pizzaId:24} migrated successfully.
17 Nov 2019 22:56:00,852 [main] INFO  service.migration.PizzaToppingMigrationService - PizzaTopping@28242 {super:PizzaTopping@28242 {id:140}, toppingId:2, pizzaId:25} migrated successfully.
17 Nov 2019 22:56:00,861 [main] INFO  service.migration.PizzaToppingMigrationService - PizzaTopping@2890a {super:PizzaTopping@2890a {id:141}, toppingId:27, pizzaId:25} migrated successfully.
17 Nov 2019 22:56:00,870 [main] INFO  service.migration.PizzaToppingMigrationService - PizzaTopping@28adb {super:PizzaTopping@28adb {id:142}, toppingId:11, pizzaId:25} migrated successfully.
17 Nov 2019 22:56:00,879 [main] INFO  service.migration.PizzaToppingMigrationService - PizzaTopping@28ef9 {super:PizzaTopping@28ef9 {id:143}, toppingId:14, pizzaId:25} migrated successfully.
17 Nov 2019 22:56:00,889 [main] INFO  service.migration.PizzaToppingMigrationService - PizzaTopping@2946d {super:PizzaTopping@2946d {id:144}, toppingId:28, pizzaId:26} migrated successfully.
17 Nov 2019 22:56:00,908 [main] INFO  service.migration.PizzaToppingMigrationService - PizzaTopping@29508 {super:PizzaTopping@29508 {id:145}, toppingId:2, pizzaId:26} migrated successfully.
17 Nov 2019 22:56:00,929 [main] INFO  service.migration.PizzaToppingMigrationService - PizzaTopping@29a9a {super:PizzaTopping@29a9a {id:146}, toppingId:17, pizzaId:26} migrated successfully.
17 Nov 2019 22:56:00,936 [main] INFO  service.migration.PizzaToppingMigrationService - PizzaTopping@29da1 {super:PizzaTopping@29da1 {id:147}, toppingId:11, pizzaId:26} migrated successfully.
17 Nov 2019 22:56:00,942 [main] INFO  service.migration.PizzaToppingMigrationService - PizzaTopping@2a372 {super:PizzaTopping@2a372 {id:148}, toppingId:28, pizzaId:27} migrated successfully.
17 Nov 2019 22:56:00,950 [main] INFO  service.migration.PizzaToppingMigrationService - PizzaTopping@2a524 {super:PizzaTopping@2a524 {id:149}, toppingId:11, pizzaId:27} migrated successfully.
17 Nov 2019 22:56:00,959 [main] INFO  service.migration.PizzaToppingMigrationService - PizzaTopping@2a7ee {super:PizzaTopping@2a7ee {id:150}, toppingId:3, pizzaId:28} migrated successfully.
17 Nov 2019 22:56:00,966 [main] INFO  service.migration.PizzaToppingMigrationService - PizzaTopping@2aca7 {super:PizzaTopping@2aca7 {id:151}, toppingId:11, pizzaId:28} migrated successfully.
17 Nov 2019 22:56:00,973 [main] INFO  service.migration.PizzaToppingMigrationService - PizzaTopping@2b277 {super:PizzaTopping@2b277 {id:152}, toppingId:28, pizzaId:28} migrated successfully.
17 Nov 2019 22:56:00,973 [main] INFO  service.migration.PizzaToppingMigrationService - MIGRATION COMPLETED: pizza_toppings, 151/151.
17 Nov 2019 23:00:30,163 [main] INFO  service.validation.XmlService - XML file validated successfully.
17 Nov 2019 23:00:30,771 [main] INFO  service.validation.XmlService - XML file deserialized successfully.
17 Nov 2019 23:00:31,657 [main] INFO  service.jdbc.JdbcConnectionService - Database connection has been established successfully.
17 Nov 2019 23:00:31,658 [main] INFO  service.migration.UserMigrationService - MIGRATION STARTED: users.
17 Nov 2019 23:00:31,716 [main] WARN  service.migration.UserMigrationService - Incorrect string value: '\xDC\xCB\xBB\x97\x98h...' for column 'password_hash' at row 1
17 Nov 2019 23:00:31,717 [main] WARN  service.migration.UserMigrationService - Incorrect string value: '\x9B}\x116*H...' for column 'password_hash' at row 1
17 Nov 2019 23:00:31,718 [main] INFO  service.migration.UserMigrationService - MIGRATION COMPLETED: users, 0/2.
17 Nov 2019 23:09:17,863 [main] INFO  service.validation.XmlService - XML file validated successfully.
17 Nov 2019 23:09:18,333 [main] INFO  service.validation.XmlService - XML file deserialized successfully.
17 Nov 2019 23:09:19,267 [main] INFO  service.jdbc.JdbcConnectionService - Database connection has been established successfully.
17 Nov 2019 23:09:19,268 [main] INFO  service.migration.UserMigrationService - MIGRATION STARTED: users.
17 Nov 2019 23:09:19,340 [main] INFO  service.migration.UserMigrationService - User@a3d3a8cd {super:User@a3d3a8cd {id:1}, login:'polina', passwordHash:[-36, -53, -69, -105, -104, 104, -41, 29, -99, 88, 48, -79, -51, -62, 66, -69, -82, -123, 122, -19, -33, -75, -45, 31, 77, 125, -2, -58, -112, 76, 84, 23, 44, -60, 39, 47, 74, 28, -4, -116, -96, 16, 44, 57, -41, -51, 120, -67, 81, -109, 91, -26, -119, -37, -78, -48, 11, -2, -26, -94, 61, 41, 118, -79], passwordSalt:[90, 34, 73, -10, 95, -121, 28, 11, -71, 49, -30, 41, 51, -88, -71, -7], admin:true} migrated successfully.
17 Nov 2019 23:09:19,364 [main] INFO  service.migration.UserMigrationService - User@8480100c {super:User@8480100c {id:2}, login:'nikita', passwordHash:[107, 68, 11, 105, 4, 61, 57, 11, -101, 125, 17, 54, 42, 72, -65, -68, 97, -107, -10, -60, 52, -63, -43, 127, -86, -57, -105, -128, 20, 116, 31, -91, 122, 97, 6, -59, -24, -50, -35, -74, -1, -2, -24, 23, 116, 103, 68, 88, 107, -31, 121, 78, -10, -120, 25, -45, -18, -70, -60, 119, -77, -110, 113, -68], passwordSalt:[-116, -19, -27, 62, 118, 0, -37, -57, 76, 105, 38, 64, 73, 32, 57, 45], admin:false} migrated successfully.
17 Nov 2019 23:09:19,364 [main] INFO  service.migration.UserMigrationService - MIGRATION COMPLETED: users, 2/2.
17 Nov 2019 23:13:07,070 [main] INFO  service.validation.XmlService - XML file validated successfully.
17 Nov 2019 23:13:07,683 [main] INFO  service.validation.XmlService - XML file deserialized successfully.
17 Nov 2019 23:13:08,561 [main] INFO  service.jdbc.JdbcConnectionService - Database connection has been established successfully.
17 Nov 2019 23:13:08,562 [main] INFO  service.migration.OrderMigrationService - MIGRATION STARTED: orders.
17 Nov 2019 23:13:08,625 [main] INFO  service.migration.OrderMigrationService - Order@7d8be615 {super:Order@7d8be615 {id:1}, dateTime:'2019-11-15 10:01:00', ready:true, userId:2} migrated successfully.
17 Nov 2019 23:13:08,626 [main] INFO  service.migration.OrderMigrationService - MIGRATION COMPLETED: orders, 1/1.
17 Nov 2019 23:14:02,969 [main] INFO  service.validation.XmlService - XML file validated successfully.
17 Nov 2019 23:14:03,597 [main] INFO  service.validation.XmlService - XML file deserialized successfully.
17 Nov 2019 23:14:04,752 [main] INFO  service.jdbc.JdbcConnectionService - Database connection has been established successfully.
17 Nov 2019 23:14:04,754 [main] INFO  service.migration.OrderedExtraMigrationService - MIGRATION STARTED: ordered_extras.
17 Nov 2019 23:14:04,815 [main] INFO  service.migration.OrderedExtraMigrationService - OrderedExtra@e905c {super:OrderedExtra@e905c {id:1}, count:1, extraId:6, orderId:1} migrated successfully.
17 Nov 2019 23:14:04,816 [main] INFO  service.migration.OrderedExtraMigrationService - MIGRATION COMPLETED: ordered_extras, 1/1.
17 Nov 2019 23:19:19,759 [main] INFO  service.validation.XmlService - XML file validated successfully.
17 Nov 2019 23:19:20,354 [main] INFO  service.validation.XmlService - XML file deserialized successfully.
17 Nov 2019 23:19:21,240 [main] INFO  service.jdbc.JdbcConnectionService - Database connection has been established successfully.
17 Nov 2019 23:19:21,241 [main] INFO  service.migration.OrderedPizzaMigrationService - MIGRATION STARTED: ordered_pizzas.
17 Nov 2019 23:19:21,300 [main] INFO  service.migration.OrderedPizzaMigrationService - OrderedPizza@eb809284 {super:OrderedPizza@eb809284 {id:1}, size:LARGE, count:1, pizzaId:5, orderId:1} migrated successfully.
17 Nov 2019 23:19:21,301 [main] INFO  service.migration.OrderedPizzaMigrationService - MIGRATION COMPLETED: ordered_pizzas, 1/1.
